[ 2016-06-30T08:50:34+08:00 ] 127.0.0.1 /thinkphp/index.php/admin/
INFO: [ app_init ] --START--
INFO: Run Behavior\BuildLiteBehavior [ RunTime:0.000013s ]
INFO: [ app_init ] --END-- [ RunTime:0.000650s ]
INFO: [ app_begin ] --START--
INFO: Run Behavior\ReadHtmlCacheBehavior [ RunTime:0.000908s ]
INFO: [ app_begin ] --END-- [ RunTime:0.000973s ]
INFO: [ view_parse ] --START--
INFO: [ template_filter ] --START--
INFO: Run Behavior\ContentReplaceBehavior [ RunTime:0.000075s ]
INFO: [ template_filter ] --END-- [ RunTime:0.000129s ]
NOTIC: [8] Undefined variable: adminKaochang /Users/liangming/webSite/thinkphp/EXAM/Runtime/Cache/Admin/a1fb5ff002d6532f68fec278b877b467.php 第 143 行.
INFO: Run Behavior\ParseTemplateBehavior [ RunTime:0.094812s ]
INFO: [ view_parse ] --END-- [ RunTime:0.094880s ]
INFO: [ view_filter ] --START--
INFO: Run Behavior\WriteHtmlCacheBehavior [ RunTime:0.032968s ]
INFO: [ view_filter ] --END-- [ RunTime:0.033031s ]
INFO: [ app_end ] --START--
INFO: Run Behavior\ShowPageTraceBehavior [ RunTime:0.001035s ]
INFO: [ app_end ] --END-- [ RunTime:0.001108s ]

[ 2016-06-30T08:50:37+08:00 ] 127.0.0.1 /thinkphp/index.php/admin/Class?_=1467247834390
INFO: [ app_init ] --START--
INFO: Run Behavior\BuildLiteBehavior [ RunTime:0.000013s ]
INFO: [ app_init ] --END-- [ RunTime:0.000249s ]
INFO: [ app_begin ] --START--
INFO: Run Behavior\ReadHtmlCacheBehavior [ RunTime:0.000379s ]
INFO: [ app_begin ] --END-- [ RunTime:0.000429s ]
INFO: [ view_parse ] --START--
INFO: [ template_filter ] --START--
INFO: Run Behavior\ContentReplaceBehavior [ RunTime:0.000048s ]
INFO: [ template_filter ] --END-- [ RunTime:0.000103s ]
NOTIC: [8] Undefined variable: Class /Users/liangming/webSite/thinkphp/EXAM/Runtime/Cache/Admin/f6e953c2d82f6e0176b68e3b351eccb6.php 第 96 行.
NOTIC: [8] Undefined variable: roomList /Users/liangming/webSite/thinkphp/EXAM/Runtime/Cache/Admin/f6e953c2d82f6e0176b68e3b351eccb6.php 第 97 行.
INFO: Run Behavior\ParseTemplateBehavior [ RunTime:0.027050s ]
INFO: [ view_parse ] --END-- [ RunTime:0.027100s ]
INFO: [ view_filter ] --START--
INFO: Run Behavior\WriteHtmlCacheBehavior [ RunTime:0.000153s ]
INFO: [ view_filter ] --END-- [ RunTime:0.000193s ]
INFO: [ app_end ] --START--
INFO: Run Behavior\ShowPageTraceBehavior [ RunTime:0.000525s ]
INFO: [ app_end ] --END-- [ RunTime:0.000567s ]

[ 2016-06-30T08:50:37+08:00 ] 127.0.0.1 /thinkphp/index.php/admin/Class/classList
INFO: [ app_init ] --START--
INFO: Run Behavior\BuildLiteBehavior [ RunTime:0.000013s ]
INFO: [ app_init ] --END-- [ RunTime:0.000371s ]
INFO: [ app_begin ] --START--
INFO: Run Behavior\ReadHtmlCacheBehavior [ RunTime:0.000331s ]
INFO: [ app_begin ] --END-- [ RunTime:0.000371s ]
NOTIC: [8] Undefined index: validate /Users/liangming/webSite/thinkphp/ThinkPHP/Library/Think/Model.class.php 第 1185 行.
NOTIC: [2] in_array() expects parameter 2 to be array, boolean given /Users/liangming/webSite/thinkphp/ThinkPHP/Library/Think/Model.class.php 第 1055 行.
NOTIC: [2] in_array() expects parameter 2 to be array, boolean given /Users/liangming/webSite/thinkphp/ThinkPHP/Library/Think/Model.class.php 第 1055 行.
NOTIC: [8] Undefined index: auto /Users/liangming/webSite/thinkphp/ThinkPHP/Library/Think/Model.class.php 第 1128 行.
SQL: SHOW COLUMNS FROM `exam_class` [ RunTime:0.0227s ]
SQL: SHOW COLUMNS FROM `exam_users` [ RunTime:0.0019s ]
SQL: SELECT Class.id AS id,Class.className AS className,Class.memo AS memo,Class.ownerId AS ownerId,Class.createTime AS createTime,Class.status AS status,Class.ratedScore AS ratedScore,Class.ratedTime AS ratedTime,Class.classAttach AS classAttach,Users.id AS userid,Users.username AS username FROM exam_class Class  JOIN exam_users Users ON Users.id=Class.ownerId WHERE ( inUse=1 ) ORDER BY Class.id desc  [ RunTime:0.0007s ]
INFO: [ app_end ] --START--
INFO: Run Behavior\ShowPageTraceBehavior [ RunTime:0.000604s ]
INFO: [ app_end ] --END-- [ RunTime:0.000650s ]

[ 2016-06-30T08:55:42+08:00 ] 127.0.0.1 /thinkphp/index.php/admin/
INFO: [ app_init ] --START--
INFO: Run Behavior\BuildLiteBehavior [ RunTime:0.000014s ]
INFO: [ app_init ] --END-- [ RunTime:0.000647s ]
INFO: [ app_begin ] --START--
INFO: Run Behavior\ReadHtmlCacheBehavior [ RunTime:0.001304s ]
INFO: [ app_begin ] --END-- [ RunTime:0.001378s ]
INFO: [ view_parse ] --START--
INFO: [ template_filter ] --START--
INFO: Run Behavior\ContentReplaceBehavior [ RunTime:0.000084s ]
INFO: [ template_filter ] --END-- [ RunTime:0.000159s ]
NOTIC: [8] Undefined variable: adminKaochang /Users/liangming/webSite/thinkphp/EXAM/Runtime/Cache/Admin/a1fb5ff002d6532f68fec278b877b467.php 第 143 行.
INFO: Run Behavior\ParseTemplateBehavior [ RunTime:0.074924s ]
INFO: [ view_parse ] --END-- [ RunTime:0.074980s ]
INFO: [ view_filter ] --START--
INFO: Run Behavior\WriteHtmlCacheBehavior [ RunTime:0.019951s ]
INFO: [ view_filter ] --END-- [ RunTime:0.020007s ]
INFO: [ app_end ] --START--
INFO: Run Behavior\ShowPageTraceBehavior [ RunTime:0.001737s ]
INFO: [ app_end ] --END-- [ RunTime:0.001811s ]

[ 2016-06-30T08:55:44+08:00 ] 127.0.0.1 /thinkphp/index.php/admin/Class?_=1467248142734
INFO: [ app_init ] --START--
INFO: Run Behavior\BuildLiteBehavior [ RunTime:0.000014s ]
INFO: [ app_init ] --END-- [ RunTime:0.000293s ]
INFO: [ app_begin ] --START--
INFO: Run Behavior\ReadHtmlCacheBehavior [ RunTime:0.000465s ]
INFO: [ app_begin ] --END-- [ RunTime:0.000520s ]
INFO: [ view_parse ] --START--
INFO: [ template_filter ] --START--
INFO: Run Behavior\ContentReplaceBehavior [ RunTime:0.000035s ]
INFO: [ template_filter ] --END-- [ RunTime:0.000092s ]
NOTIC: [8] Undefined variable: Class /Users/liangming/webSite/thinkphp/EXAM/Runtime/Cache/Admin/f6e953c2d82f6e0176b68e3b351eccb6.php 第 96 行.
NOTIC: [8] Undefined variable: roomList /Users/liangming/webSite/thinkphp/EXAM/Runtime/Cache/Admin/f6e953c2d82f6e0176b68e3b351eccb6.php 第 97 行.
INFO: Run Behavior\ParseTemplateBehavior [ RunTime:0.018126s ]
INFO: [ view_parse ] --END-- [ RunTime:0.018161s ]
INFO: [ view_filter ] --START--
INFO: Run Behavior\WriteHtmlCacheBehavior [ RunTime:0.000136s ]
INFO: [ view_filter ] --END-- [ RunTime:0.000159s ]
INFO: [ app_end ] --START--
INFO: Run Behavior\ShowPageTraceBehavior [ RunTime:0.000439s ]
INFO: [ app_end ] --END-- [ RunTime:0.000476s ]

[ 2016-06-30T08:55:45+08:00 ] 127.0.0.1 /thinkphp/index.php/admin/Class/classList
INFO: [ app_init ] --START--
INFO: Run Behavior\BuildLiteBehavior [ RunTime:0.000013s ]
INFO: [ app_init ] --END-- [ RunTime:0.000260s ]
INFO: [ app_begin ] --START--
INFO: Run Behavior\ReadHtmlCacheBehavior [ RunTime:0.000432s ]
INFO: [ app_begin ] --END-- [ RunTime:0.000516s ]
NOTIC: [8] Undefined index: validate /Users/liangming/webSite/thinkphp/ThinkPHP/Library/Think/Model.class.php 第 1185 行.
NOTIC: [2] in_array() expects parameter 2 to be array, boolean given /Users/liangming/webSite/thinkphp/ThinkPHP/Library/Think/Model.class.php 第 1055 行.
NOTIC: [2] in_array() expects parameter 2 to be array, boolean given /Users/liangming/webSite/thinkphp/ThinkPHP/Library/Think/Model.class.php 第 1055 行.
NOTIC: [8] Undefined index: auto /Users/liangming/webSite/thinkphp/ThinkPHP/Library/Think/Model.class.php 第 1128 行.
SQL: SHOW COLUMNS FROM `exam_class` [ RunTime:0.0339s ]
SQL: SHOW COLUMNS FROM `exam_users` [ RunTime:0.0023s ]
SQL: SELECT Class.id AS id,Class.className AS className,Class.memo AS memo,Class.ownerId AS ownerId,Class.createTime AS createTime,Class.status AS status,Class.ratedScore AS ratedScore,Class.ratedTime AS ratedTime,Class.classAttach AS classAttach,Users.id AS userid,Users.username AS username FROM exam_class Class  JOIN exam_users Users ON Users.id=Class.ownerId WHERE ( inUse=1 ) ORDER BY Class.id desc  [ RunTime:0.0004s ]
INFO: [ app_end ] --START--
INFO: Run Behavior\ShowPageTraceBehavior [ RunTime:0.000539s ]
INFO: [ app_end ] --END-- [ RunTime:0.000583s ]

[ 2016-06-30T08:59:51+08:00 ] 127.0.0.1 /thinkphp/index.php/admin/
INFO: [ app_init ] --START--
INFO: Run Behavior\BuildLiteBehavior [ RunTime:0.000020s ]
INFO: [ app_init ] --END-- [ RunTime:0.001037s ]
INFO: [ app_begin ] --START--
INFO: Run Behavior\ReadHtmlCacheBehavior [ RunTime:0.001599s ]
INFO: [ app_begin ] --END-- [ RunTime:0.001677s ]
INFO: [ view_parse ] --START--
INFO: [ template_filter ] --START--
INFO: Run Behavior\ContentReplaceBehavior [ RunTime:0.000087s ]
INFO: [ template_filter ] --END-- [ RunTime:0.000153s ]
NOTIC: [8] Undefined variable: adminKaochang /Users/liangming/webSite/thinkphp/EXAM/Runtime/Cache/Admin/a1fb5ff002d6532f68fec278b877b467.php 第 143 行.
INFO: Run Behavior\ParseTemplateBehavior [ RunTime:0.090165s ]
INFO: [ view_parse ] --END-- [ RunTime:0.090218s ]
INFO: [ view_filter ] --START--
INFO: Run Behavior\WriteHtmlCacheBehavior [ RunTime:0.000381s ]
INFO: [ view_filter ] --END-- [ RunTime:0.000425s ]
INFO: [ app_end ] --START--
INFO: Run Behavior\ShowPageTraceBehavior [ RunTime:0.001384s ]
INFO: [ app_end ] --END-- [ RunTime:0.001454s ]

[ 2016-06-30T08:59:51+08:00 ] 127.0.0.1 /thinkphp/index.php/admin/Class?_=1467248391231
INFO: [ app_init ] --START--
INFO: Run Behavior\BuildLiteBehavior [ RunTime:0.000010s ]
INFO: [ app_init ] --END-- [ RunTime:0.000235s ]
INFO: [ app_begin ] --START--
INFO: Run Behavior\ReadHtmlCacheBehavior [ RunTime:0.000273s ]
INFO: [ app_begin ] --END-- [ RunTime:0.000304s ]
INFO: [ view_parse ] --START--
INFO: [ template_filter ] --START--
INFO: Run Behavior\ContentReplaceBehavior [ RunTime:0.000033s ]
INFO: [ template_filter ] --END-- [ RunTime:0.000070s ]
NOTIC: [8] Undefined variable: Class /Users/liangming/webSite/thinkphp/EXAM/Runtime/Cache/Admin/f6e953c2d82f6e0176b68e3b351eccb6.php 第 96 行.
NOTIC: [8] Undefined variable: roomList /Users/liangming/webSite/thinkphp/EXAM/Runtime/Cache/Admin/f6e953c2d82f6e0176b68e3b351eccb6.php 第 97 行.
INFO: Run Behavior\ParseTemplateBehavior [ RunTime:0.004324s ]
INFO: [ view_parse ] --END-- [ RunTime:0.004358s ]
INFO: [ view_filter ] --START--
INFO: Run Behavior\WriteHtmlCacheBehavior [ RunTime:0.000215s ]
INFO: [ view_filter ] --END-- [ RunTime:0.000240s ]
INFO: [ app_end ] --START--
INFO: Run Behavior\ShowPageTraceBehavior [ RunTime:0.000464s ]
INFO: [ app_end ] --END-- [ RunTime:0.000515s ]

[ 2016-06-30T08:59:52+08:00 ] 127.0.0.1 /thinkphp/index.php/admin/Class/classList
INFO: [ app_init ] --START--
INFO: Run Behavior\BuildLiteBehavior [ RunTime:0.000014s ]
INFO: [ app_init ] --END-- [ RunTime:0.000365s ]
INFO: [ app_begin ] --START--
INFO: Run Behavior\ReadHtmlCacheBehavior [ RunTime:0.000326s ]
INFO: [ app_begin ] --END-- [ RunTime:0.000367s ]
NOTIC: [8] Undefined index: validate /Users/liangming/webSite/thinkphp/ThinkPHP/Library/Think/Model.class.php 第 1185 行.
NOTIC: [2] in_array() expects parameter 2 to be array, boolean given /Users/liangming/webSite/thinkphp/ThinkPHP/Library/Think/Model.class.php 第 1055 行.
NOTIC: [2] in_array() expects parameter 2 to be array, boolean given /Users/liangming/webSite/thinkphp/ThinkPHP/Library/Think/Model.class.php 第 1055 行.
NOTIC: [8] Undefined index: auto /Users/liangming/webSite/thinkphp/ThinkPHP/Library/Think/Model.class.php 第 1128 行.
SQL: SHOW COLUMNS FROM `exam_class` [ RunTime:0.0355s ]
SQL: SHOW COLUMNS FROM `exam_users` [ RunTime:0.0021s ]
SQL: SELECT Class.id AS id,Class.className AS className,Class.memo AS memo,Class.ownerId AS ownerId,Class.createTime AS createTime,Class.status AS status,Class.ratedScore AS ratedScore,Class.ratedTime AS ratedTime,Class.classAttach AS classAttach,Users.id AS userid,Users.username AS username FROM exam_class Class  JOIN exam_users Users ON Users.id=Class.ownerId WHERE ( inUse=1 ) ORDER BY Class.id desc  [ RunTime:0.0004s ]
INFO: [ app_end ] --START--
INFO: Run Behavior\ShowPageTraceBehavior [ RunTime:0.000519s ]
INFO: [ app_end ] --END-- [ RunTime:0.000562s ]

[ 2016-06-30T09:09:51+08:00 ] 127.0.0.1 /thinkphp/index.php/admin/
INFO: [ app_init ] --START--
INFO: Run Behavior\BuildLiteBehavior [ RunTime:0.000015s ]
INFO: [ app_init ] --END-- [ RunTime:0.000711s ]
INFO: [ app_begin ] --START--
INFO: Run Behavior\ReadHtmlCacheBehavior [ RunTime:0.001108s ]
INFO: [ app_begin ] --END-- [ RunTime:0.001183s ]
INFO: [ view_parse ] --START--
INFO: [ template_filter ] --START--
INFO: Run Behavior\ContentReplaceBehavior [ RunTime:0.000109s ]
INFO: [ template_filter ] --END-- [ RunTime:0.000165s ]
NOTIC: [8] Undefined variable: adminKaochang /Users/liangming/webSite/thinkphp/EXAM/Runtime/Cache/Admin/a1fb5ff002d6532f68fec278b877b467.php 第 143 行.
INFO: Run Behavior\ParseTemplateBehavior [ RunTime:0.072906s ]
INFO: [ view_parse ] --END-- [ RunTime:0.072967s ]
INFO: [ view_filter ] --START--
INFO: Run Behavior\WriteHtmlCacheBehavior [ RunTime:0.021825s ]
INFO: [ view_filter ] --END-- [ RunTime:0.021878s ]
INFO: [ app_end ] --START--
INFO: Run Behavior\ShowPageTraceBehavior [ RunTime:0.001522s ]
INFO: [ app_end ] --END-- [ RunTime:0.001590s ]

[ 2016-06-30T09:09:54+08:00 ] 127.0.0.1 /thinkphp/index.php/admin/Class?_=1467248991748
INFO: [ app_init ] --START--
INFO: Run Behavior\BuildLiteBehavior [ RunTime:0.000018s ]
INFO: [ app_init ] --END-- [ RunTime:0.000433s ]
INFO: [ app_begin ] --START--
INFO: Run Behavior\ReadHtmlCacheBehavior [ RunTime:0.002063s ]
INFO: [ app_begin ] --END-- [ RunTime:0.002139s ]
INFO: [ view_parse ] --START--
INFO: [ template_filter ] --START--
INFO: Run Behavior\ContentReplaceBehavior [ RunTime:0.000071s ]
INFO: [ template_filter ] --END-- [ RunTime:0.000215s ]
NOTIC: [8] Undefined variable: Class /Users/liangming/webSite/thinkphp/EXAM/Runtime/Cache/Admin/f6e953c2d82f6e0176b68e3b351eccb6.php 第 119 行.
NOTIC: [8] Undefined variable: roomList /Users/liangming/webSite/thinkphp/EXAM/Runtime/Cache/Admin/f6e953c2d82f6e0176b68e3b351eccb6.php 第 120 行.
INFO: Run Behavior\ParseTemplateBehavior [ RunTime:0.008803s ]
INFO: [ view_parse ] --END-- [ RunTime:0.008845s ]
INFO: [ view_filter ] --START--
INFO: Run Behavior\WriteHtmlCacheBehavior [ RunTime:0.000136s ]
INFO: [ view_filter ] --END-- [ RunTime:0.000163s ]
INFO: [ app_end ] --START--
INFO: Run Behavior\ShowPageTraceBehavior [ RunTime:0.000499s ]
INFO: [ app_end ] --END-- [ RunTime:0.000543s ]

[ 2016-06-30T09:09:55+08:00 ] 127.0.0.1 /thinkphp/index.php/admin/Class/classList
INFO: [ app_init ] --START--
INFO: Run Behavior\BuildLiteBehavior [ RunTime:0.000019s ]
INFO: [ app_init ] --END-- [ RunTime:0.000397s ]
INFO: [ app_begin ] --START--
INFO: Run Behavior\ReadHtmlCacheBehavior [ RunTime:0.000547s ]
INFO: [ app_begin ] --END-- [ RunTime:0.000605s ]
NOTIC: [8] Undefined index: validate /Users/liangming/webSite/thinkphp/ThinkPHP/Library/Think/Model.class.php 第 1185 行.
NOTIC: [2] in_array() expects parameter 2 to be array, boolean given /Users/liangming/webSite/thinkphp/ThinkPHP/Library/Think/Model.class.php 第 1055 行.
NOTIC: [2] in_array() expects parameter 2 to be array, boolean given /Users/liangming/webSite/thinkphp/ThinkPHP/Library/Think/Model.class.php 第 1055 行.
NOTIC: [8] Undefined index: auto /Users/liangming/webSite/thinkphp/ThinkPHP/Library/Think/Model.class.php 第 1128 行.
SQL: SHOW COLUMNS FROM `exam_class` [ RunTime:0.0230s ]
SQL: SHOW COLUMNS FROM `exam_users` [ RunTime:0.0018s ]
SQL: SELECT Class.id AS id,Class.className AS className,Class.memo AS memo,Class.ownerId AS ownerId,Class.createTime AS createTime,Class.status AS status,Class.ratedScore AS ratedScore,Class.ratedTime AS ratedTime,Class.classAttach AS classAttach,Users.id AS userid,Users.username AS username FROM exam_class Class  JOIN exam_users Users ON Users.id=Class.ownerId WHERE ( inUse=1 ) ORDER BY Class.id desc  [ RunTime:0.0004s ]
INFO: [ app_end ] --START--
INFO: Run Behavior\ShowPageTraceBehavior [ RunTime:0.000528s ]
INFO: [ app_end ] --END-- [ RunTime:0.000578s ]

[ 2016-06-30T09:10:42+08:00 ] 127.0.0.1 /thinkphp/index.php/admin/
INFO: [ app_init ] --START--
INFO: Run Behavior\BuildLiteBehavior [ RunTime:0.000037s ]
INFO: [ app_init ] --END-- [ RunTime:0.000919s ]
INFO: [ app_begin ] --START--
INFO: Run Behavior\ReadHtmlCacheBehavior [ RunTime:0.001099s ]
INFO: [ app_begin ] --END-- [ RunTime:0.001169s ]
INFO: [ view_parse ] --START--
INFO: [ template_filter ] --START--
INFO: Run Behavior\ContentReplaceBehavior [ RunTime:0.000080s ]
INFO: [ template_filter ] --END-- [ RunTime:0.000136s ]
NOTIC: [8] Undefined variable: adminKaochang /Users/liangming/webSite/thinkphp/EXAM/Runtime/Cache/Admin/a1fb5ff002d6532f68fec278b877b467.php 第 143 行.
INFO: Run Behavior\ParseTemplateBehavior [ RunTime:0.041680s ]
INFO: [ view_parse ] --END-- [ RunTime:0.041761s ]
INFO: [ view_filter ] --START--
INFO: Run Behavior\WriteHtmlCacheBehavior [ RunTime:0.020168s ]
INFO: [ view_filter ] --END-- [ RunTime:0.020227s ]
INFO: [ app_end ] --START--
INFO: Run Behavior\ShowPageTraceBehavior [ RunTime:0.001191s ]
INFO: [ app_end ] --END-- [ RunTime:0.001265s ]

[ 2016-06-30T09:10:44+08:00 ] 127.0.0.1 /thinkphp/index.php/admin/Class?_=1467249042207
INFO: [ app_init ] --START--
INFO: Run Behavior\BuildLiteBehavior [ RunTime:0.000018s ]
INFO: [ app_init ] --END-- [ RunTime:0.000350s ]
INFO: [ app_begin ] --START--
INFO: Run Behavior\ReadHtmlCacheBehavior [ RunTime:0.000607s ]
INFO: [ app_begin ] --END-- [ RunTime:0.000680s ]
INFO: [ view_parse ] --START--
INFO: [ template_filter ] --START--
INFO: Run Behavior\ContentReplaceBehavior [ RunTime:0.000054s ]
INFO: [ template_filter ] --END-- [ RunTime:0.000167s ]
NOTIC: [8] Undefined variable: Class /Users/liangming/webSite/thinkphp/EXAM/Runtime/Cache/Admin/f6e953c2d82f6e0176b68e3b351eccb6.php 第 119 行.
NOTIC: [8] Undefined variable: roomList /Users/liangming/webSite/thinkphp/EXAM/Runtime/Cache/Admin/f6e953c2d82f6e0176b68e3b351eccb6.php 第 120 行.
INFO: Run Behavior\ParseTemplateBehavior [ RunTime:0.009172s ]
INFO: [ view_parse ] --END-- [ RunTime:0.009211s ]
INFO: [ view_filter ] --START--
INFO: Run Behavior\WriteHtmlCacheBehavior [ RunTime:0.000160s ]
INFO: [ view_filter ] --END-- [ RunTime:0.000190s ]
INFO: [ app_end ] --START--
INFO: Run Behavior\ShowPageTraceBehavior [ RunTime:0.000473s ]
INFO: [ app_end ] --END-- [ RunTime:0.000513s ]

[ 2016-06-30T09:10:44+08:00 ] 127.0.0.1 /thinkphp/index.php/admin/Class/classList
INFO: [ app_init ] --START--
INFO: Run Behavior\BuildLiteBehavior [ RunTime:0.000018s ]
INFO: [ app_init ] --END-- [ RunTime:0.000441s ]
INFO: [ app_begin ] --START--
INFO: Run Behavior\ReadHtmlCacheBehavior [ RunTime:0.000351s ]
INFO: [ app_begin ] --END-- [ RunTime:0.000390s ]
NOTIC: [8] Undefined index: validate /Users/liangming/webSite/thinkphp/ThinkPHP/Library/Think/Model.class.php 第 1185 行.
NOTIC: [2] in_array() expects parameter 2 to be array, boolean given /Users/liangming/webSite/thinkphp/ThinkPHP/Library/Think/Model.class.php 第 1055 行.
NOTIC: [2] in_array() expects parameter 2 to be array, boolean given /Users/liangming/webSite/thinkphp/ThinkPHP/Library/Think/Model.class.php 第 1055 行.
NOTIC: [8] Undefined index: auto /Users/liangming/webSite/thinkphp/ThinkPHP/Library/Think/Model.class.php 第 1128 行.
SQL: SHOW COLUMNS FROM `exam_class` [ RunTime:0.0032s ]
SQL: SHOW COLUMNS FROM `exam_users` [ RunTime:0.0026s ]
SQL: SELECT Class.id AS id,Class.className AS className,Class.memo AS memo,Class.ownerId AS ownerId,Class.createTime AS createTime,Class.status AS status,Class.ratedScore AS ratedScore,Class.ratedTime AS ratedTime,Class.classAttach AS classAttach,Users.id AS userid,Users.username AS username FROM exam_class Class  JOIN exam_users Users ON Users.id=Class.ownerId WHERE ( inUse=1 ) ORDER BY Class.id desc  [ RunTime:0.0004s ]
INFO: [ app_end ] --START--
INFO: Run Behavior\ShowPageTraceBehavior [ RunTime:0.000526s ]
INFO: [ app_end ] --END-- [ RunTime:0.000568s ]

[ 2016-06-30T09:11:20+08:00 ] 127.0.0.1 /thinkphp/index.php/admin/
INFO: [ app_init ] --START--
INFO: Run Behavior\BuildLiteBehavior [ RunTime:0.000012s ]
INFO: [ app_init ] --END-- [ RunTime:0.000348s ]
INFO: [ app_begin ] --START--
INFO: Run Behavior\ReadHtmlCacheBehavior [ RunTime:0.000452s ]
INFO: [ app_begin ] --END-- [ RunTime:0.000497s ]
INFO: [ view_parse ] --START--
INFO: [ template_filter ] --START--
INFO: Run Behavior\ContentReplaceBehavior [ RunTime:0.000118s ]
INFO: [ template_filter ] --END-- [ RunTime:0.000203s ]
NOTIC: [8] Undefined variable: adminKaochang /Users/liangming/webSite/thinkphp/EXAM/Runtime/Cache/Admin/a1fb5ff002d6532f68fec278b877b467.php 第 143 行.
INFO: Run Behavior\ParseTemplateBehavior [ RunTime:0.069646s ]
INFO: [ view_parse ] --END-- [ RunTime:0.069709s ]
INFO: [ view_filter ] --START--
INFO: Run Behavior\WriteHtmlCacheBehavior [ RunTime:0.000172s ]
INFO: [ view_filter ] --END-- [ RunTime:0.000220s ]
INFO: [ app_end ] --START--
INFO: Run Behavior\ShowPageTraceBehavior [ RunTime:0.000484s ]
INFO: [ app_end ] --END-- [ RunTime:0.000533s ]

[ 2016-06-30T09:11:22+08:00 ] 127.0.0.1 /thinkphp/index.php/admin/Class?_=1467249080783
INFO: [ app_init ] --START--
INFO: Run Behavior\BuildLiteBehavior [ RunTime:0.000012s ]
INFO: [ app_init ] --END-- [ RunTime:0.000273s ]
INFO: [ app_begin ] --START--
INFO: Run Behavior\ReadHtmlCacheBehavior [ RunTime:0.000439s ]
INFO: [ app_begin ] --END-- [ RunTime:0.000481s ]
INFO: [ view_parse ] --START--
INFO: [ template_filter ] --START--
INFO: Run Behavior\ContentReplaceBehavior [ RunTime:0.000064s ]
INFO: [ template_filter ] --END-- [ RunTime:0.000141s ]
NOTIC: [8] Undefined variable: Class /Users/liangming/webSite/thinkphp/EXAM/Runtime/Cache/Admin/f6e953c2d82f6e0176b68e3b351eccb6.php 第 119 行.
NOTIC: [8] Undefined variable: roomList /Users/liangming/webSite/thinkphp/EXAM/Runtime/Cache/Admin/f6e953c2d82f6e0176b68e3b351eccb6.php 第 120 行.
INFO: Run Behavior\ParseTemplateBehavior [ RunTime:0.008606s ]
INFO: [ view_parse ] --END-- [ RunTime:0.008669s ]
INFO: [ view_filter ] --START--
INFO: Run Behavior\WriteHtmlCacheBehavior [ RunTime:0.000200s ]
INFO: [ view_filter ] --END-- [ RunTime:0.000263s ]
INFO: [ app_end ] --START--
INFO: Run Behavior\ShowPageTraceBehavior [ RunTime:0.000728s ]
INFO: [ app_end ] --END-- [ RunTime:0.000809s ]

[ 2016-06-30T09:11:22+08:00 ] 127.0.0.1 /thinkphp/index.php/admin/Class/classList
INFO: [ app_init ] --START--
INFO: Run Behavior\BuildLiteBehavior [ RunTime:0.000012s ]
INFO: [ app_init ] --END-- [ RunTime:0.000244s ]
INFO: [ app_begin ] --START--
INFO: Run Behavior\ReadHtmlCacheBehavior [ RunTime:0.000306s ]
INFO: [ app_begin ] --END-- [ RunTime:0.000342s ]
NOTIC: [8] Undefined index: validate /Users/liangming/webSite/thinkphp/ThinkPHP/Library/Think/Model.class.php 第 1185 行.
NOTIC: [2] in_array() expects parameter 2 to be array, boolean given /Users/liangming/webSite/thinkphp/ThinkPHP/Library/Think/Model.class.php 第 1055 行.
NOTIC: [2] in_array() expects parameter 2 to be array, boolean given /Users/liangming/webSite/thinkphp/ThinkPHP/Library/Think/Model.class.php 第 1055 行.
NOTIC: [8] Undefined index: auto /Users/liangming/webSite/thinkphp/ThinkPHP/Library/Think/Model.class.php 第 1128 行.
SQL: SHOW COLUMNS FROM `exam_class` [ RunTime:0.0114s ]
SQL: SHOW COLUMNS FROM `exam_users` [ RunTime:0.0017s ]
SQL: SELECT Class.id AS id,Class.className AS className,Class.memo AS memo,Class.ownerId AS ownerId,Class.createTime AS createTime,Class.status AS status,Class.ratedScore AS ratedScore,Class.ratedTime AS ratedTime,Class.classAttach AS classAttach,Users.id AS userid,Users.username AS username FROM exam_class Class  JOIN exam_users Users ON Users.id=Class.ownerId WHERE ( inUse=1 ) ORDER BY Class.id desc  [ RunTime:0.0005s ]
INFO: [ app_end ] --START--
INFO: Run Behavior\ShowPageTraceBehavior [ RunTime:0.000560s ]
INFO: [ app_end ] --END-- [ RunTime:0.000610s ]

[ 2016-06-30T09:11:22+08:00 ] 127.0.0.1 /thinkphp/index.php/admin/Class/attachList
INFO: [ app_init ] --START--
INFO: Run Behavior\BuildLiteBehavior [ RunTime:0.000018s ]
INFO: [ app_init ] --END-- [ RunTime:0.000410s ]
INFO: [ app_begin ] --START--
INFO: Run Behavior\ReadHtmlCacheBehavior [ RunTime:0.000336s ]
INFO: [ app_begin ] --END-- [ RunTime:0.000380s ]
ERR: 非法操作:attachList

[ 2016-06-30T09:12:56+08:00 ] 127.0.0.1 /thinkphp/index.php/admin/
INFO: [ app_init ] --START--
INFO: Run Behavior\BuildLiteBehavior [ RunTime:0.000013s ]
INFO: [ app_init ] --END-- [ RunTime:0.000631s ]
INFO: [ app_begin ] --START--
INFO: Run Behavior\ReadHtmlCacheBehavior [ RunTime:0.001194s ]
INFO: [ app_begin ] --END-- [ RunTime:0.001282s ]
INFO: [ view_parse ] --START--
INFO: [ template_filter ] --START--
INFO: Run Behavior\ContentReplaceBehavior [ RunTime:0.000074s ]
INFO: [ template_filter ] --END-- [ RunTime:0.000127s ]
NOTIC: [8] Undefined variable: adminKaochang /Users/liangming/webSite/thinkphp/EXAM/Runtime/Cache/Admin/a1fb5ff002d6532f68fec278b877b467.php 第 143 行.
INFO: Run Behavior\ParseTemplateBehavior [ RunTime:0.045819s ]
INFO: [ view_parse ] --END-- [ RunTime:0.045890s ]
INFO: [ view_filter ] --START--
INFO: Run Behavior\WriteHtmlCacheBehavior [ RunTime:0.001248s ]
INFO: [ view_filter ] --END-- [ RunTime:0.001311s ]
INFO: [ app_end ] --START--
INFO: Run Behavior\ShowPageTraceBehavior [ RunTime:0.000850s ]
INFO: [ app_end ] --END-- [ RunTime:0.000951s ]

[ 2016-06-30T09:12:59+08:00 ] 127.0.0.1 /thinkphp/index.php/admin/Class?_=1467249176623
INFO: [ app_init ] --START--
INFO: Run Behavior\BuildLiteBehavior [ RunTime:0.000014s ]
INFO: [ app_init ] --END-- [ RunTime:0.000307s ]
INFO: [ app_begin ] --START--
INFO: Run Behavior\ReadHtmlCacheBehavior [ RunTime:0.001723s ]
INFO: [ app_begin ] --END-- [ RunTime:0.001800s ]
INFO: [ view_parse ] --START--
INFO: [ template_filter ] --START--
INFO: Run Behavior\ContentReplaceBehavior [ RunTime:0.000042s ]
INFO: [ template_filter ] --END-- [ RunTime:0.000090s ]
NOTIC: [8] Undefined variable: Class /Users/liangming/webSite/thinkphp/EXAM/Runtime/Cache/Admin/f6e953c2d82f6e0176b68e3b351eccb6.php 第 116 行.
NOTIC: [8] Undefined variable: roomList /Users/liangming/webSite/thinkphp/EXAM/Runtime/Cache/Admin/f6e953c2d82f6e0176b68e3b351eccb6.php 第 117 行.
INFO: Run Behavior\ParseTemplateBehavior [ RunTime:0.005685s ]
INFO: [ view_parse ] --END-- [ RunTime:0.005745s ]
INFO: [ view_filter ] --START--
INFO: Run Behavior\WriteHtmlCacheBehavior [ RunTime:0.000145s ]
INFO: [ view_filter ] --END-- [ RunTime:0.000180s ]
INFO: [ app_end ] --START--
INFO: Run Behavior\ShowPageTraceBehavior [ RunTime:0.000484s ]
INFO: [ app_end ] --END-- [ RunTime:0.000529s ]

[ 2016-06-30T09:12:59+08:00 ] 127.0.0.1 /thinkphp/index.php/admin/Class/classList
INFO: [ app_init ] --START--
INFO: Run Behavior\BuildLiteBehavior [ RunTime:0.000012s ]
INFO: [ app_init ] --END-- [ RunTime:0.000247s ]
INFO: [ app_begin ] --START--
INFO: Run Behavior\ReadHtmlCacheBehavior [ RunTime:0.000310s ]
INFO: [ app_begin ] --END-- [ RunTime:0.000348s ]
NOTIC: [8] Undefined index: validate /Users/liangming/webSite/thinkphp/ThinkPHP/Library/Think/Model.class.php 第 1185 行.
NOTIC: [2] in_array() expects parameter 2 to be array, boolean given /Users/liangming/webSite/thinkphp/ThinkPHP/Library/Think/Model.class.php 第 1055 行.
NOTIC: [2] in_array() expects parameter 2 to be array, boolean given /Users/liangming/webSite/thinkphp/ThinkPHP/Library/Think/Model.class.php 第 1055 行.
NOTIC: [8] Undefined index: auto /Users/liangming/webSite/thinkphp/ThinkPHP/Library/Think/Model.class.php 第 1128 行.
SQL: SHOW COLUMNS FROM `exam_class` [ RunTime:0.0326s ]
SQL: SHOW COLUMNS FROM `exam_users` [ RunTime:0.0022s ]
SQL: SELECT Class.id AS id,Class.className AS className,Class.memo AS memo,Class.ownerId AS ownerId,Class.createTime AS createTime,Class.status AS status,Class.ratedScore AS ratedScore,Class.ratedTime AS ratedTime,Class.classAttach AS classAttach,Users.id AS userid,Users.username AS username FROM exam_class Class  JOIN exam_users Users ON Users.id=Class.ownerId WHERE ( inUse=1 ) ORDER BY Class.id desc  [ RunTime:0.0008s ]
INFO: [ app_end ] --START--
INFO: Run Behavior\ShowPageTraceBehavior [ RunTime:0.001066s ]
INFO: [ app_end ] --END-- [ RunTime:0.001154s ]

[ 2016-06-30T09:12:59+08:00 ] 127.0.0.1 /thinkphp/index.php/admin/Class/attachList
INFO: [ app_init ] --START--
INFO: Run Behavior\BuildLiteBehavior [ RunTime:0.000013s ]
INFO: [ app_init ] --END-- [ RunTime:0.000361s ]
INFO: [ app_begin ] --START--
INFO: Run Behavior\ReadHtmlCacheBehavior [ RunTime:0.000324s ]
INFO: [ app_begin ] --END-- [ RunTime:0.000363s ]
ERR: 非法操作:attachList

[ 2016-06-30T09:14:32+08:00 ] 127.0.0.1 /thinkphp/index.php/admin/
INFO: [ app_init ] --START--
INFO: Run Behavior\BuildLiteBehavior [ RunTime:0.000038s ]
INFO: [ app_init ] --END-- [ RunTime:0.000802s ]
INFO: [ app_begin ] --START--
INFO: Run Behavior\ReadHtmlCacheBehavior [ RunTime:0.001096s ]
INFO: [ app_begin ] --END-- [ RunTime:0.001162s ]
INFO: [ view_parse ] --START--
INFO: [ template_filter ] --START--
INFO: Run Behavior\ContentReplaceBehavior [ RunTime:0.000035s ]
INFO: [ template_filter ] --END-- [ RunTime:0.000082s ]
NOTIC: [8] Undefined variable: adminKaochang /Users/liangming/webSite/thinkphp/EXAM/Runtime/Cache/Admin/a1fb5ff002d6532f68fec278b877b467.php 第 143 行.
INFO: Run Behavior\ParseTemplateBehavior [ RunTime:0.035747s ]
INFO: [ view_parse ] --END-- [ RunTime:0.035792s ]
INFO: [ view_filter ] --START--
INFO: Run Behavior\WriteHtmlCacheBehavior [ RunTime:0.000406s ]
INFO: [ view_filter ] --END-- [ RunTime:0.000439s ]
INFO: [ app_end ] --START--
INFO: Run Behavior\ShowPageTraceBehavior [ RunTime:0.001203s ]
INFO: [ app_end ] --END-- [ RunTime:0.001247s ]

[ 2016-06-30T09:14:33+08:00 ] 127.0.0.1 /thinkphp/index.php/admin/Class?_=1467249272370
INFO: [ app_init ] --START--
INFO: Run Behavior\BuildLiteBehavior [ RunTime:0.000014s ]
INFO: [ app_init ] --END-- [ RunTime:0.000421s ]
INFO: [ app_begin ] --START--
INFO: Run Behavior\ReadHtmlCacheBehavior [ RunTime:0.000386s ]
INFO: [ app_begin ] --END-- [ RunTime:0.000424s ]
INFO: [ view_parse ] --START--
INFO: [ template_filter ] --START--
INFO: Run Behavior\ContentReplaceBehavior [ RunTime:0.000030s ]
INFO: [ template_filter ] --END-- [ RunTime:0.000066s ]
NOTIC: [8] Undefined variable: Class /Users/liangming/webSite/thinkphp/EXAM/Runtime/Cache/Admin/f6e953c2d82f6e0176b68e3b351eccb6.php 第 116 行.
NOTIC: [8] Undefined variable: roomList /Users/liangming/webSite/thinkphp/EXAM/Runtime/Cache/Admin/f6e953c2d82f6e0176b68e3b351eccb6.php 第 117 行.
INFO: Run Behavior\ParseTemplateBehavior [ RunTime:0.004701s ]
INFO: [ view_parse ] --END-- [ RunTime:0.004735s ]
INFO: [ view_filter ] --START--
INFO: Run Behavior\WriteHtmlCacheBehavior [ RunTime:0.000115s ]
INFO: [ view_filter ] --END-- [ RunTime:0.000139s ]
INFO: [ app_end ] --START--
INFO: Run Behavior\ShowPageTraceBehavior [ RunTime:0.000437s ]
INFO: [ app_end ] --END-- [ RunTime:0.000483s ]

[ 2016-06-30T09:14:34+08:00 ] 127.0.0.1 /thinkphp/index.php/admin/Class/classList
INFO: [ app_init ] --START--
INFO: Run Behavior\BuildLiteBehavior [ RunTime:0.000011s ]
INFO: [ app_init ] --END-- [ RunTime:0.000239s ]
INFO: [ app_begin ] --START--
INFO: Run Behavior\ReadHtmlCacheBehavior [ RunTime:0.000296s ]
INFO: [ app_begin ] --END-- [ RunTime:0.000331s ]
NOTIC: [8] Undefined index: validate /Users/liangming/webSite/thinkphp/ThinkPHP/Library/Think/Model.class.php 第 1185 行.
NOTIC: [2] in_array() expects parameter 2 to be array, boolean given /Users/liangming/webSite/thinkphp/ThinkPHP/Library/Think/Model.class.php 第 1055 行.
NOTIC: [2] in_array() expects parameter 2 to be array, boolean given /Users/liangming/webSite/thinkphp/ThinkPHP/Library/Think/Model.class.php 第 1055 行.
NOTIC: [8] Undefined index: auto /Users/liangming/webSite/thinkphp/ThinkPHP/Library/Think/Model.class.php 第 1128 行.
SQL: SHOW COLUMNS FROM `exam_class` [ RunTime:0.0338s ]
SQL: SHOW COLUMNS FROM `exam_users` [ RunTime:0.0414s ]
SQL: SELECT Class.id AS id,Class.className AS className,Class.memo AS memo,Class.ownerId AS ownerId,Class.createTime AS createTime,Class.status AS status,Class.ratedScore AS ratedScore,Class.ratedTime AS ratedTime,Class.classAttach AS classAttach,Users.id AS userid,Users.username AS username FROM exam_class Class  JOIN exam_users Users ON Users.id=Class.ownerId WHERE ( inUse=1 ) ORDER BY Class.id desc  [ RunTime:0.0005s ]
INFO: [ app_end ] --START--
INFO: Run Behavior\ShowPageTraceBehavior [ RunTime:0.000399s ]
INFO: [ app_end ] --END-- [ RunTime:0.000433s ]

[ 2016-06-30T09:14:34+08:00 ] 127.0.0.1 /thinkphp/index.php/admin/Class/attachList
INFO: [ app_init ] --START--
INFO: Run Behavior\BuildLiteBehavior [ RunTime:0.000019s ]
INFO: [ app_init ] --END-- [ RunTime:0.000686s ]
INFO: [ app_begin ] --START--
INFO: Run Behavior\ReadHtmlCacheBehavior [ RunTime:0.000684s ]
INFO: [ app_begin ] --END-- [ RunTime:0.000770s ]
ERR: 非法操作:attachList

[ 2016-06-30T09:15:03+08:00 ] 127.0.0.1 /thinkphp/index.php/admin/
INFO: [ app_init ] --START--
INFO: Run Behavior\BuildLiteBehavior [ RunTime:0.000013s ]
INFO: [ app_init ] --END-- [ RunTime:0.000500s ]
INFO: [ app_begin ] --START--
INFO: Run Behavior\ReadHtmlCacheBehavior [ RunTime:0.000923s ]
INFO: [ app_begin ] --END-- [ RunTime:0.000988s ]
INFO: [ view_parse ] --START--
INFO: [ template_filter ] --START--
INFO: Run Behavior\ContentReplaceBehavior [ RunTime:0.000036s ]
INFO: [ template_filter ] --END-- [ RunTime:0.000083s ]
NOTIC: [8] Undefined variable: adminKaochang /Users/liangming/webSite/thinkphp/EXAM/Runtime/Cache/Admin/a1fb5ff002d6532f68fec278b877b467.php 第 143 行.
INFO: Run Behavior\ParseTemplateBehavior [ RunTime:0.046726s ]
INFO: [ view_parse ] --END-- [ RunTime:0.046762s ]
INFO: [ view_filter ] --START--
INFO: Run Behavior\WriteHtmlCacheBehavior [ RunTime:0.000427s ]
INFO: [ view_filter ] --END-- [ RunTime:0.000454s ]
INFO: [ app_end ] --START--
INFO: Run Behavior\ShowPageTraceBehavior [ RunTime:0.001414s ]
INFO: [ app_end ] --END-- [ RunTime:0.001507s ]

[ 2016-06-30T09:15:06+08:00 ] 127.0.0.1 /thinkphp/index.php/admin/Class?_=1467249303586
INFO: [ app_init ] --START--
INFO: Run Behavior\BuildLiteBehavior [ RunTime:0.000023s ]
INFO: [ app_init ] --END-- [ RunTime:0.000430s ]
INFO: [ app_begin ] --START--
INFO: Run Behavior\ReadHtmlCacheBehavior [ RunTime:0.000653s ]
INFO: [ app_begin ] --END-- [ RunTime:0.000718s ]
INFO: [ view_parse ] --START--
INFO: [ template_filter ] --START--
INFO: Run Behavior\ContentReplaceBehavior [ RunTime:0.000029s ]
INFO: [ template_filter ] --END-- [ RunTime:0.000063s ]
NOTIC: [8] Undefined variable: Class /Users/liangming/webSite/thinkphp/EXAM/Runtime/Cache/Admin/f6e953c2d82f6e0176b68e3b351eccb6.php 第 117 行.
NOTIC: [8] Undefined variable: roomList /Users/liangming/webSite/thinkphp/EXAM/Runtime/Cache/Admin/f6e953c2d82f6e0176b68e3b351eccb6.php 第 118 行.
INFO: Run Behavior\ParseTemplateBehavior [ RunTime:0.004556s ]
INFO: [ view_parse ] --END-- [ RunTime:0.004600s ]
INFO: [ view_filter ] --START--
INFO: Run Behavior\WriteHtmlCacheBehavior [ RunTime:0.000109s ]
INFO: [ view_filter ] --END-- [ RunTime:0.000133s ]
INFO: [ app_end ] --START--
INFO: Run Behavior\ShowPageTraceBehavior [ RunTime:0.000404s ]
INFO: [ app_end ] --END-- [ RunTime:0.000466s ]

[ 2016-06-30T09:15:07+08:00 ] 127.0.0.1 /thinkphp/index.php/admin/Class/classList
INFO: [ app_init ] --START--
INFO: Run Behavior\BuildLiteBehavior [ RunTime:0.000012s ]
INFO: [ app_init ] --END-- [ RunTime:0.000284s ]
INFO: [ app_begin ] --START--
INFO: Run Behavior\ReadHtmlCacheBehavior [ RunTime:0.000322s ]
INFO: [ app_begin ] --END-- [ RunTime:0.000361s ]
NOTIC: [8] Undefined index: validate /Users/liangming/webSite/thinkphp/ThinkPHP/Library/Think/Model.class.php 第 1185 行.
NOTIC: [2] in_array() expects parameter 2 to be array, boolean given /Users/liangming/webSite/thinkphp/ThinkPHP/Library/Think/Model.class.php 第 1055 行.
NOTIC: [2] in_array() expects parameter 2 to be array, boolean given /Users/liangming/webSite/thinkphp/ThinkPHP/Library/Think/Model.class.php 第 1055 行.
NOTIC: [8] Undefined index: auto /Users/liangming/webSite/thinkphp/ThinkPHP/Library/Think/Model.class.php 第 1128 行.
SQL: SHOW COLUMNS FROM `exam_class` [ RunTime:0.0105s ]
SQL: SHOW COLUMNS FROM `exam_users` [ RunTime:0.0033s ]
SQL: SELECT Class.id AS id,Class.className AS className,Class.memo AS memo,Class.ownerId AS ownerId,Class.createTime AS createTime,Class.status AS status,Class.ratedScore AS ratedScore,Class.ratedTime AS ratedTime,Class.classAttach AS classAttach,Users.id AS userid,Users.username AS username FROM exam_class Class  JOIN exam_users Users ON Users.id=Class.ownerId WHERE ( inUse=1 ) ORDER BY Class.id desc  [ RunTime:0.0005s ]
INFO: [ app_end ] --START--
INFO: Run Behavior\ShowPageTraceBehavior [ RunTime:0.000594s ]
INFO: [ app_end ] --END-- [ RunTime:0.000668s ]

[ 2016-06-30T09:15:07+08:00 ] 127.0.0.1 /thinkphp/index.php/admin/Class/attachList
INFO: [ app_init ] --START--
INFO: Run Behavior\BuildLiteBehavior [ RunTime:0.000014s ]
INFO: [ app_init ] --END-- [ RunTime:0.000556s ]
INFO: [ app_begin ] --START--
INFO: Run Behavior\ReadHtmlCacheBehavior [ RunTime:0.001002s ]
INFO: [ app_begin ] --END-- [ RunTime:0.001080s ]
ERR: 非法操作:attachList

[ 2016-06-30T09:15:41+08:00 ] 127.0.0.1 /thinkphp/index.php/admin/
INFO: [ app_init ] --START--
INFO: Run Behavior\BuildLiteBehavior [ RunTime:0.000012s ]
INFO: [ app_init ] --END-- [ RunTime:0.000452s ]
INFO: [ app_begin ] --START--
INFO: Run Behavior\ReadHtmlCacheBehavior [ RunTime:0.000790s ]
INFO: [ app_begin ] --END-- [ RunTime:0.000846s ]
INFO: [ view_parse ] --START--
INFO: [ template_filter ] --START--
INFO: Run Behavior\ContentReplaceBehavior [ RunTime:0.000034s ]
INFO: [ template_filter ] --END-- [ RunTime:0.000082s ]
NOTIC: [8] Undefined variable: adminKaochang /Users/liangming/webSite/thinkphp/EXAM/Runtime/Cache/Admin/a1fb5ff002d6532f68fec278b877b467.php 第 143 行.
INFO: Run Behavior\ParseTemplateBehavior [ RunTime:0.036078s ]
INFO: [ view_parse ] --END-- [ RunTime:0.036114s ]
INFO: [ view_filter ] --START--
INFO: Run Behavior\WriteHtmlCacheBehavior [ RunTime:0.000502s ]
INFO: [ view_filter ] --END-- [ RunTime:0.000548s ]
INFO: [ app_end ] --START--
INFO: Run Behavior\ShowPageTraceBehavior [ RunTime:0.001325s ]
INFO: [ app_end ] --END-- [ RunTime:0.001378s ]

[ 2016-06-30T09:15:43+08:00 ] 127.0.0.1 /thinkphp/index.php/admin/Class?_=1467249341840
INFO: [ app_init ] --START--
INFO: Run Behavior\BuildLiteBehavior [ RunTime:0.000014s ]
INFO: [ app_init ] --END-- [ RunTime:0.000397s ]
INFO: [ app_begin ] --START--
INFO: Run Behavior\ReadHtmlCacheBehavior [ RunTime:0.000755s ]
INFO: [ app_begin ] --END-- [ RunTime:0.000820s ]
INFO: [ view_parse ] --START--
INFO: [ template_filter ] --START--
INFO: Run Behavior\ContentReplaceBehavior [ RunTime:0.000039s ]
INFO: [ template_filter ] --END-- [ RunTime:0.000080s ]
NOTIC: [8] Undefined variable: Class /Users/liangming/webSite/thinkphp/EXAM/Runtime/Cache/Admin/f6e953c2d82f6e0176b68e3b351eccb6.php 第 117 行.
NOTIC: [8] Undefined variable: roomList /Users/liangming/webSite/thinkphp/EXAM/Runtime/Cache/Admin/f6e953c2d82f6e0176b68e3b351eccb6.php 第 118 行.
INFO: Run Behavior\ParseTemplateBehavior [ RunTime:0.004808s ]
INFO: [ view_parse ] --END-- [ RunTime:0.004843s ]
INFO: [ view_filter ] --START--
INFO: Run Behavior\WriteHtmlCacheBehavior [ RunTime:0.000112s ]
INFO: [ view_filter ] --END-- [ RunTime:0.000135s ]
INFO: [ app_end ] --START--
INFO: Run Behavior\ShowPageTraceBehavior [ RunTime:0.000433s ]
INFO: [ app_end ] --END-- [ RunTime:0.000473s ]

[ 2016-06-30T09:15:44+08:00 ] 127.0.0.1 /thinkphp/index.php/admin/Class/classList
INFO: [ app_init ] --START--
INFO: Run Behavior\BuildLiteBehavior [ RunTime:0.000012s ]
INFO: [ app_init ] --END-- [ RunTime:0.000245s ]
INFO: [ app_begin ] --START--
INFO: Run Behavior\ReadHtmlCacheBehavior [ RunTime:0.000877s ]
INFO: [ app_begin ] --END-- [ RunTime:0.000965s ]
NOTIC: [8] Undefined index: validate /Users/liangming/webSite/thinkphp/ThinkPHP/Library/Think/Model.class.php 第 1185 行.
NOTIC: [2] in_array() expects parameter 2 to be array, boolean given /Users/liangming/webSite/thinkphp/ThinkPHP/Library/Think/Model.class.php 第 1055 行.
NOTIC: [2] in_array() expects parameter 2 to be array, boolean given /Users/liangming/webSite/thinkphp/ThinkPHP/Library/Think/Model.class.php 第 1055 行.
NOTIC: [8] Undefined index: auto /Users/liangming/webSite/thinkphp/ThinkPHP/Library/Think/Model.class.php 第 1128 行.
SQL: SHOW COLUMNS FROM `exam_class` [ RunTime:0.0137s ]
SQL: SHOW COLUMNS FROM `exam_users` [ RunTime:0.0027s ]
SQL: SELECT Class.id AS id,Class.className AS className,Class.memo AS memo,Class.ownerId AS ownerId,Class.createTime AS createTime,Class.status AS status,Class.ratedScore AS ratedScore,Class.ratedTime AS ratedTime,Class.classAttach AS classAttach,Users.id AS userid,Users.username AS username FROM exam_class Class  JOIN exam_users Users ON Users.id=Class.ownerId WHERE ( inUse=1 ) ORDER BY Class.id desc  [ RunTime:0.0005s ]
INFO: [ app_end ] --START--
INFO: Run Behavior\ShowPageTraceBehavior [ RunTime:0.000413s ]
INFO: [ app_end ] --END-- [ RunTime:0.000450s ]

[ 2016-06-30T09:15:44+08:00 ] 127.0.0.1 /thinkphp/index.php/admin/Class/attachList
INFO: [ app_init ] --START--
INFO: Run Behavior\BuildLiteBehavior [ RunTime:0.000018s ]
INFO: [ app_init ] --END-- [ RunTime:0.000519s ]
INFO: [ app_begin ] --START--
INFO: Run Behavior\ReadHtmlCacheBehavior [ RunTime:0.000395s ]
INFO: [ app_begin ] --END-- [ RunTime:0.000453s ]
ERR: 非法操作:attachList

[ 2016-06-30T09:16:08+08:00 ] 127.0.0.1 /thinkphp/index.php/admin/
INFO: [ app_init ] --START--
INFO: Run Behavior\BuildLiteBehavior [ RunTime:0.000014s ]
INFO: [ app_init ] --END-- [ RunTime:0.000395s ]
INFO: [ app_begin ] --START--
INFO: Run Behavior\ReadHtmlCacheBehavior [ RunTime:0.000342s ]
INFO: [ app_begin ] --END-- [ RunTime:0.000382s ]
INFO: [ view_parse ] --START--
INFO: [ template_filter ] --START--
INFO: Run Behavior\ContentReplaceBehavior [ RunTime:0.000035s ]
INFO: [ template_filter ] --END-- [ RunTime:0.000084s ]
NOTIC: [8] Undefined variable: adminKaochang /Users/liangming/webSite/thinkphp/EXAM/Runtime/Cache/Admin/a1fb5ff002d6532f68fec278b877b467.php 第 143 行.
INFO: Run Behavior\ParseTemplateBehavior [ RunTime:0.006373s ]
INFO: [ view_parse ] --END-- [ RunTime:0.006424s ]
INFO: [ view_filter ] --START--
INFO: Run Behavior\WriteHtmlCacheBehavior [ RunTime:0.000137s ]
INFO: [ view_filter ] --END-- [ RunTime:0.000166s ]
INFO: [ app_end ] --START--
INFO: Run Behavior\ShowPageTraceBehavior [ RunTime:0.000351s ]
INFO: [ app_end ] --END-- [ RunTime:0.000384s ]

[ 2016-06-30T09:16:17+08:00 ] 127.0.0.1 /thinkphp/index.php/admin/
INFO: [ app_init ] --START--
INFO: Run Behavior\BuildLiteBehavior [ RunTime:0.000018s ]
INFO: [ app_init ] --END-- [ RunTime:0.000399s ]
INFO: [ app_begin ] --START--
INFO: Run Behavior\ReadHtmlCacheBehavior [ RunTime:0.000499s ]
INFO: [ app_begin ] --END-- [ RunTime:0.000566s ]
INFO: [ view_parse ] --START--
INFO: [ template_filter ] --START--
INFO: Run Behavior\ContentReplaceBehavior [ RunTime:0.000041s ]
INFO: [ template_filter ] --END-- [ RunTime:0.000103s ]
NOTIC: [8] Undefined variable: adminKaochang /Users/liangming/webSite/thinkphp/EXAM/Runtime/Cache/Admin/a1fb5ff002d6532f68fec278b877b467.php 第 143 行.
INFO: Run Behavior\ParseTemplateBehavior [ RunTime:0.008136s ]
INFO: [ view_parse ] --END-- [ RunTime:0.008235s ]
INFO: [ view_filter ] --START--
INFO: Run Behavior\WriteHtmlCacheBehavior [ RunTime:0.000467s ]
INFO: [ view_filter ] --END-- [ RunTime:0.000528s ]
INFO: [ app_end ] --START--
INFO: Run Behavior\ShowPageTraceBehavior [ RunTime:0.000790s ]
INFO: [ app_end ] --END-- [ RunTime:0.000859s ]

[ 2016-06-30T09:16:20+08:00 ] 127.0.0.1 /thinkphp/index.php/admin/Class?_=1467249377742
INFO: [ app_init ] --START--
INFO: Run Behavior\BuildLiteBehavior [ RunTime:0.000012s ]
INFO: [ app_init ] --END-- [ RunTime:0.000260s ]
INFO: [ app_begin ] --START--
INFO: Run Behavior\ReadHtmlCacheBehavior [ RunTime:0.000339s ]
INFO: [ app_begin ] --END-- [ RunTime:0.000378s ]
INFO: [ view_parse ] --START--
INFO: [ template_filter ] --START--
INFO: Run Behavior\ContentReplaceBehavior [ RunTime:0.000033s ]
INFO: [ template_filter ] --END-- [ RunTime:0.000080s ]
NOTIC: [8] Undefined variable: Class /Users/liangming/webSite/thinkphp/EXAM/Runtime/Cache/Admin/f6e953c2d82f6e0176b68e3b351eccb6.php 第 117 行.
NOTIC: [8] Undefined variable: roomList /Users/liangming/webSite/thinkphp/EXAM/Runtime/Cache/Admin/f6e953c2d82f6e0176b68e3b351eccb6.php 第 118 行.
INFO: Run Behavior\ParseTemplateBehavior [ RunTime:0.005949s ]
INFO: [ view_parse ] --END-- [ RunTime:0.005990s ]
INFO: [ view_filter ] --START--
INFO: Run Behavior\WriteHtmlCacheBehavior [ RunTime:0.000135s ]
INFO: [ view_filter ] --END-- [ RunTime:0.000162s ]
INFO: [ app_end ] --START--
INFO: Run Behavior\ShowPageTraceBehavior [ RunTime:0.000613s ]
INFO: [ app_end ] --END-- [ RunTime:0.000706s ]

[ 2016-06-30T09:16:20+08:00 ] 127.0.0.1 /thinkphp/index.php/admin/Class/classList
INFO: [ app_init ] --START--
INFO: Run Behavior\BuildLiteBehavior [ RunTime:0.000013s ]
INFO: [ app_init ] --END-- [ RunTime:0.000294s ]
INFO: [ app_begin ] --START--
INFO: Run Behavior\ReadHtmlCacheBehavior [ RunTime:0.000554s ]
INFO: [ app_begin ] --END-- [ RunTime:0.000630s ]
NOTIC: [8] Undefined index: validate /Users/liangming/webSite/thinkphp/ThinkPHP/Library/Think/Model.class.php 第 1185 行.
NOTIC: [2] in_array() expects parameter 2 to be array, boolean given /Users/liangming/webSite/thinkphp/ThinkPHP/Library/Think/Model.class.php 第 1055 行.
NOTIC: [2] in_array() expects parameter 2 to be array, boolean given /Users/liangming/webSite/thinkphp/ThinkPHP/Library/Think/Model.class.php 第 1055 行.
NOTIC: [8] Undefined index: auto /Users/liangming/webSite/thinkphp/ThinkPHP/Library/Think/Model.class.php 第 1128 行.
SQL: SHOW COLUMNS FROM `exam_class` [ RunTime:0.0070s ]
SQL: SHOW COLUMNS FROM `exam_users` [ RunTime:0.0024s ]
SQL: SELECT Class.id AS id,Class.className AS className,Class.memo AS memo,Class.ownerId AS ownerId,Class.createTime AS createTime,Class.status AS status,Class.ratedScore AS ratedScore,Class.ratedTime AS ratedTime,Class.classAttach AS classAttach,Users.id AS userid,Users.username AS username FROM exam_class Class  JOIN exam_users Users ON Users.id=Class.ownerId WHERE ( inUse=1 ) ORDER BY Class.id desc  [ RunTime:0.0006s ]
INFO: [ app_end ] --START--
INFO: Run Behavior\ShowPageTraceBehavior [ RunTime:0.000729s ]
INFO: [ app_end ] --END-- [ RunTime:0.000793s ]

[ 2016-06-30T09:16:20+08:00 ] 127.0.0.1 /thinkphp/index.php/admin/Class/attachList
INFO: [ app_init ] --START--
INFO: Run Behavior\BuildLiteBehavior [ RunTime:0.000040s ]
INFO: [ app_init ] --END-- [ RunTime:0.000478s ]
INFO: [ app_begin ] --START--
INFO: Run Behavior\ReadHtmlCacheBehavior [ RunTime:0.000478s ]
INFO: [ app_begin ] --END-- [ RunTime:0.000618s ]
ERR: 非法操作:attachList

[ 2016-06-30T09:16:47+08:00 ] 127.0.0.1 /thinkphp/index.php/admin/
INFO: [ app_init ] --START--
INFO: Run Behavior\BuildLiteBehavior [ RunTime:0.000012s ]
INFO: [ app_init ] --END-- [ RunTime:0.000237s ]
INFO: [ app_begin ] --START--
INFO: Run Behavior\ReadHtmlCacheBehavior [ RunTime:0.000305s ]
INFO: [ app_begin ] --END-- [ RunTime:0.000340s ]
INFO: [ view_parse ] --START--
INFO: [ template_filter ] --START--
INFO: Run Behavior\ContentReplaceBehavior [ RunTime:0.000074s ]
INFO: [ template_filter ] --END-- [ RunTime:0.000128s ]
NOTIC: [8] Undefined variable: adminKaochang /Users/liangming/webSite/thinkphp/EXAM/Runtime/Cache/Admin/a1fb5ff002d6532f68fec278b877b467.php 第 143 行.
INFO: Run Behavior\ParseTemplateBehavior [ RunTime:0.007153s ]
INFO: [ view_parse ] --END-- [ RunTime:0.007214s ]
INFO: [ view_filter ] --START--
INFO: Run Behavior\WriteHtmlCacheBehavior [ RunTime:0.000174s ]
INFO: [ view_filter ] --END-- [ RunTime:0.000205s ]
INFO: [ app_end ] --START--
INFO: Run Behavior\ShowPageTraceBehavior [ RunTime:0.000443s ]
INFO: [ app_end ] --END-- [ RunTime:0.000487s ]

[ 2016-06-30T09:16:48+08:00 ] 127.0.0.1 /thinkphp/index.php/admin/Class?_=1467249407325
INFO: [ app_init ] --START--
INFO: Run Behavior\BuildLiteBehavior [ RunTime:0.000017s ]
INFO: [ app_init ] --END-- [ RunTime:0.000566s ]
INFO: [ app_begin ] --START--
INFO: Run Behavior\ReadHtmlCacheBehavior [ RunTime:0.000557s ]
INFO: [ app_begin ] --END-- [ RunTime:0.000621s ]
INFO: [ view_parse ] --START--
INFO: [ template_filter ] --START--
INFO: Run Behavior\ContentReplaceBehavior [ RunTime:0.000058s ]
INFO: [ template_filter ] --END-- [ RunTime:0.000128s ]
NOTIC: [8] Undefined variable: Class /Users/liangming/webSite/thinkphp/EXAM/Runtime/Cache/Admin/f6e953c2d82f6e0176b68e3b351eccb6.php 第 117 行.
NOTIC: [8] Undefined variable: roomList /Users/liangming/webSite/thinkphp/EXAM/Runtime/Cache/Admin/f6e953c2d82f6e0176b68e3b351eccb6.php 第 118 行.
INFO: Run Behavior\ParseTemplateBehavior [ RunTime:0.010778s ]
INFO: [ view_parse ] --END-- [ RunTime:0.010825s ]
INFO: [ view_filter ] --START--
INFO: Run Behavior\WriteHtmlCacheBehavior [ RunTime:0.000161s ]
INFO: [ view_filter ] --END-- [ RunTime:0.000192s ]
INFO: [ app_end ] --START--
INFO: Run Behavior\ShowPageTraceBehavior [ RunTime:0.000729s ]
INFO: [ app_end ] --END-- [ RunTime:0.000782s ]

[ 2016-06-30T09:16:49+08:00 ] 127.0.0.1 /thinkphp/index.php/admin/Class/classList
INFO: [ app_init ] --START--
INFO: Run Behavior\BuildLiteBehavior [ RunTime:0.000013s ]
INFO: [ app_init ] --END-- [ RunTime:0.000321s ]
INFO: [ app_begin ] --START--
INFO: Run Behavior\ReadHtmlCacheBehavior [ RunTime:0.000349s ]
INFO: [ app_begin ] --END-- [ RunTime:0.000435s ]
NOTIC: [8] Undefined index: validate /Users/liangming/webSite/thinkphp/ThinkPHP/Library/Think/Model.class.php 第 1185 行.
NOTIC: [2] in_array() expects parameter 2 to be array, boolean given /Users/liangming/webSite/thinkphp/ThinkPHP/Library/Think/Model.class.php 第 1055 行.
NOTIC: [2] in_array() expects parameter 2 to be array, boolean given /Users/liangming/webSite/thinkphp/ThinkPHP/Library/Think/Model.class.php 第 1055 行.
NOTIC: [8] Undefined index: auto /Users/liangming/webSite/thinkphp/ThinkPHP/Library/Think/Model.class.php 第 1128 行.
SQL: SHOW COLUMNS FROM `exam_class` [ RunTime:0.0059s ]
SQL: SHOW COLUMNS FROM `exam_users` [ RunTime:0.0017s ]
SQL: SELECT Class.id AS id,Class.className AS className,Class.memo AS memo,Class.ownerId AS ownerId,Class.createTime AS createTime,Class.status AS status,Class.ratedScore AS ratedScore,Class.ratedTime AS ratedTime,Class.classAttach AS classAttach,Users.id AS userid,Users.username AS username FROM exam_class Class  JOIN exam_users Users ON Users.id=Class.ownerId WHERE ( inUse=1 ) ORDER BY Class.id desc  [ RunTime:0.0004s ]
INFO: [ app_end ] --START--
INFO: Run Behavior\ShowPageTraceBehavior [ RunTime:0.000639s ]
INFO: [ app_end ] --END-- [ RunTime:0.000712s ]

[ 2016-06-30T09:16:49+08:00 ] 127.0.0.1 /thinkphp/index.php/admin/Class/attachList
INFO: [ app_init ] --START--
INFO: Run Behavior\BuildLiteBehavior [ RunTime:0.000012s ]
INFO: [ app_init ] --END-- [ RunTime:0.000287s ]
INFO: [ app_begin ] --START--
INFO: Run Behavior\ReadHtmlCacheBehavior [ RunTime:0.000305s ]
INFO: [ app_begin ] --END-- [ RunTime:0.000345s ]
ERR: 非法操作:attachList

[ 2016-06-30T09:17:34+08:00 ] 127.0.0.1 /thinkphp/index.php/admin/
INFO: [ app_init ] --START--
INFO: Run Behavior\BuildLiteBehavior [ RunTime:0.000010s ]
INFO: [ app_init ] --END-- [ RunTime:0.000209s ]
INFO: [ app_begin ] --START--
INFO: Run Behavior\ReadHtmlCacheBehavior [ RunTime:0.000309s ]
INFO: [ app_begin ] --END-- [ RunTime:0.000342s ]
INFO: [ view_parse ] --START--
INFO: [ template_filter ] --START--
INFO: Run Behavior\ContentReplaceBehavior [ RunTime:0.000078s ]
INFO: [ template_filter ] --END-- [ RunTime:0.000133s ]
NOTIC: [8] Undefined variable: adminKaochang /Users/liangming/webSite/thinkphp/EXAM/Runtime/Cache/Admin/a1fb5ff002d6532f68fec278b877b467.php 第 143 行.
INFO: Run Behavior\ParseTemplateBehavior [ RunTime:0.006706s ]
INFO: [ view_parse ] --END-- [ RunTime:0.006740s ]
INFO: [ view_filter ] --START--
INFO: Run Behavior\WriteHtmlCacheBehavior [ RunTime:0.000154s ]
INFO: [ view_filter ] --END-- [ RunTime:0.000193s ]
INFO: [ app_end ] --START--
INFO: Run Behavior\ShowPageTraceBehavior [ RunTime:0.000386s ]
INFO: [ app_end ] --END-- [ RunTime:0.000433s ]

[ 2016-06-30T09:17:35+08:00 ] 127.0.0.1 /thinkphp/index.php/admin/Class?_=1467249454195
INFO: [ app_init ] --START--
INFO: Run Behavior\BuildLiteBehavior [ RunTime:0.000013s ]
INFO: [ app_init ] --END-- [ RunTime:0.000263s ]
INFO: [ app_begin ] --START--
INFO: Run Behavior\ReadHtmlCacheBehavior [ RunTime:0.000430s ]
INFO: [ app_begin ] --END-- [ RunTime:0.000474s ]
INFO: [ view_parse ] --START--
INFO: [ template_filter ] --START--
INFO: Run Behavior\ContentReplaceBehavior [ RunTime:0.000065s ]
INFO: [ template_filter ] --END-- [ RunTime:0.000156s ]
NOTIC: [8] Undefined variable: Class /Users/liangming/webSite/thinkphp/EXAM/Runtime/Cache/Admin/f6e953c2d82f6e0176b68e3b351eccb6.php 第 118 行.
NOTIC: [8] Undefined variable: roomList /Users/liangming/webSite/thinkphp/EXAM/Runtime/Cache/Admin/f6e953c2d82f6e0176b68e3b351eccb6.php 第 119 行.
INFO: Run Behavior\ParseTemplateBehavior [ RunTime:0.006313s ]
INFO: [ view_parse ] --END-- [ RunTime:0.006357s ]
INFO: [ view_filter ] --START--
INFO: Run Behavior\WriteHtmlCacheBehavior [ RunTime:0.000196s ]
INFO: [ view_filter ] --END-- [ RunTime:0.000241s ]
INFO: [ app_end ] --START--
INFO: Run Behavior\ShowPageTraceBehavior [ RunTime:0.000829s ]
INFO: [ app_end ] --END-- [ RunTime:0.000897s ]

[ 2016-06-30T09:17:35+08:00 ] 127.0.0.1 /thinkphp/index.php/admin/Class/classList
INFO: [ app_init ] --START--
INFO: Run Behavior\BuildLiteBehavior [ RunTime:0.000020s ]
INFO: [ app_init ] --END-- [ RunTime:0.000379s ]
INFO: [ app_begin ] --START--
INFO: Run Behavior\ReadHtmlCacheBehavior [ RunTime:0.000465s ]
INFO: [ app_begin ] --END-- [ RunTime:0.000522s ]
NOTIC: [8] Undefined index: validate /Users/liangming/webSite/thinkphp/ThinkPHP/Library/Think/Model.class.php 第 1185 行.
NOTIC: [2] in_array() expects parameter 2 to be array, boolean given /Users/liangming/webSite/thinkphp/ThinkPHP/Library/Think/Model.class.php 第 1055 行.
NOTIC: [2] in_array() expects parameter 2 to be array, boolean given /Users/liangming/webSite/thinkphp/ThinkPHP/Library/Think/Model.class.php 第 1055 行.
NOTIC: [8] Undefined index: auto /Users/liangming/webSite/thinkphp/ThinkPHP/Library/Think/Model.class.php 第 1128 行.
SQL: SHOW COLUMNS FROM `exam_class` [ RunTime:0.0245s ]
SQL: SHOW COLUMNS FROM `exam_users` [ RunTime:0.0023s ]
SQL: SELECT Class.id AS id,Class.className AS className,Class.memo AS memo,Class.ownerId AS ownerId,Class.createTime AS createTime,Class.status AS status,Class.ratedScore AS ratedScore,Class.ratedTime AS ratedTime,Class.classAttach AS classAttach,Users.id AS userid,Users.username AS username FROM exam_class Class  JOIN exam_users Users ON Users.id=Class.ownerId WHERE ( inUse=1 ) ORDER BY Class.id desc  [ RunTime:0.0004s ]
INFO: [ app_end ] --START--
INFO: Run Behavior\ShowPageTraceBehavior [ RunTime:0.000546s ]
INFO: [ app_end ] --END-- [ RunTime:0.000594s ]

[ 2016-06-30T09:17:35+08:00 ] 127.0.0.1 /thinkphp/index.php/admin/Class/attachList
INFO: [ app_init ] --START--
INFO: Run Behavior\BuildLiteBehavior [ RunTime:0.000018s ]
INFO: [ app_init ] --END-- [ RunTime:0.000396s ]
INFO: [ app_begin ] --START--
INFO: Run Behavior\ReadHtmlCacheBehavior [ RunTime:0.000396s ]
INFO: [ app_begin ] --END-- [ RunTime:0.000523s ]
ERR: 非法操作:attachList

[ 2016-06-30T09:19:19+08:00 ] 127.0.0.1 /thinkphp/index.php/admin/
INFO: [ app_init ] --START--
INFO: Run Behavior\BuildLiteBehavior [ RunTime:0.000012s ]
INFO: [ app_init ] --END-- [ RunTime:0.000501s ]
INFO: [ app_begin ] --START--
INFO: Run Behavior\ReadHtmlCacheBehavior [ RunTime:0.001064s ]
INFO: [ app_begin ] --END-- [ RunTime:0.001159s ]
INFO: [ view_parse ] --START--
INFO: [ template_filter ] --START--
INFO: Run Behavior\ContentReplaceBehavior [ RunTime:0.000034s ]
INFO: [ template_filter ] --END-- [ RunTime:0.000093s ]
NOTIC: [8] Undefined variable: adminKaochang /Users/liangming/webSite/thinkphp/EXAM/Runtime/Cache/Admin/a1fb5ff002d6532f68fec278b877b467.php 第 143 行.
INFO: Run Behavior\ParseTemplateBehavior [ RunTime:0.035183s ]
INFO: [ view_parse ] --END-- [ RunTime:0.035231s ]
INFO: [ view_filter ] --START--
INFO: Run Behavior\WriteHtmlCacheBehavior [ RunTime:0.000419s ]
INFO: [ view_filter ] --END-- [ RunTime:0.000482s ]
INFO: [ app_end ] --START--
INFO: Run Behavior\ShowPageTraceBehavior [ RunTime:0.001110s ]
INFO: [ app_end ] --END-- [ RunTime:0.001147s ]

[ 2016-06-30T09:19:21+08:00 ] 127.0.0.1 /thinkphp/index.php/admin/Room?_=1467249559826
INFO: [ app_init ] --START--
INFO: Run Behavior\BuildLiteBehavior [ RunTime:0.000012s ]
INFO: [ app_init ] --END-- [ RunTime:0.000251s ]
INFO: [ app_begin ] --START--
INFO: Run Behavior\ReadHtmlCacheBehavior [ RunTime:0.000825s ]
INFO: [ app_begin ] --END-- [ RunTime:0.000874s ]
INFO: [ view_parse ] --START--
INFO: [ template_filter ] --START--
INFO: Run Behavior\ContentReplaceBehavior [ RunTime:0.000042s ]
INFO: [ template_filter ] --END-- [ RunTime:0.000108s ]
NOTIC: [8] Undefined variable: Room /Users/liangming/webSite/thinkphp/EXAM/Runtime/Cache/Admin/fdf63dfb994ea74e55e8f9d9869257cd.php 第 131 行.
NOTIC: [8] Undefined variable: roomList /Users/liangming/webSite/thinkphp/EXAM/Runtime/Cache/Admin/fdf63dfb994ea74e55e8f9d9869257cd.php 第 132 行.
INFO: Run Behavior\ParseTemplateBehavior [ RunTime:0.030200s ]
INFO: [ view_parse ] --END-- [ RunTime:0.030236s ]
INFO: [ view_filter ] --START--
INFO: Run Behavior\WriteHtmlCacheBehavior [ RunTime:0.000115s ]
INFO: [ view_filter ] --END-- [ RunTime:0.000139s ]
INFO: [ app_end ] --START--
INFO: Run Behavior\ShowPageTraceBehavior [ RunTime:0.000417s ]
INFO: [ app_end ] --END-- [ RunTime:0.000462s ]

[ 2016-06-30T09:19:21+08:00 ] 127.0.0.1 /thinkphp/index.php/admin/Room/userRange
INFO: [ app_init ] --START--
INFO: Run Behavior\BuildLiteBehavior [ RunTime:0.000019s ]
INFO: [ app_init ] --END-- [ RunTime:0.000382s ]
INFO: [ app_begin ] --START--
INFO: Run Behavior\ReadHtmlCacheBehavior [ RunTime:0.000328s ]
INFO: [ app_begin ] --END-- [ RunTime:0.000370s ]
NOTIC: [8] Use of undefined constant Org - assumed 'Org' /Users/liangming/webSite/thinkphp/EXAM/Admin/Controller/RoomController.class.php 第 95 行.
SQL: SHOW COLUMNS FROM `exam_org` [ RunTime:0.0033s ]
SQL: SELECT `id`,orgName as name,parentId as parentId FROM `exam_org`  [ RunTime:0.0004s ]
INFO: [ app_end ] --START--
INFO: Run Behavior\ShowPageTraceBehavior [ RunTime:0.000499s ]
INFO: [ app_end ] --END-- [ RunTime:0.000555s ]

[ 2016-06-30T09:19:21+08:00 ] 127.0.0.1 /thinkphp/index.php/admin/Room/userRange
INFO: [ app_init ] --START--
INFO: Run Behavior\BuildLiteBehavior [ RunTime:0.000020s ]
INFO: [ app_init ] --END-- [ RunTime:0.000636s ]
INFO: [ app_begin ] --START--
INFO: Run Behavior\ReadHtmlCacheBehavior [ RunTime:0.000668s ]
INFO: [ app_begin ] --END-- [ RunTime:0.000755s ]
NOTIC: [8] Use of undefined constant Org - assumed 'Org' /Users/liangming/webSite/thinkphp/EXAM/Admin/Controller/RoomController.class.php 第 95 行.
SQL: SHOW COLUMNS FROM `exam_org` [ RunTime:0.0028s ]
SQL: SELECT `id`,orgName as name,parentId as parentId FROM `exam_org`  [ RunTime:0.0003s ]
INFO: [ app_end ] --START--
INFO: Run Behavior\ShowPageTraceBehavior [ RunTime:0.000721s ]
INFO: [ app_end ] --END-- [ RunTime:0.000785s ]

[ 2016-06-30T09:19:21+08:00 ] 127.0.0.1 /thinkphp/index.php/admin/Paper/paperList
INFO: [ app_init ] --START--
INFO: Run Behavior\BuildLiteBehavior [ RunTime:0.000017s ]
INFO: [ app_init ] --END-- [ RunTime:0.000511s ]
INFO: [ app_begin ] --START--
INFO: Run Behavior\ReadHtmlCacheBehavior [ RunTime:0.000379s ]
INFO: [ app_begin ] --END-- [ RunTime:0.000419s ]
SQL: SHOW COLUMNS FROM `exam_users` [ RunTime:0.0027s ]
SQL: SHOW COLUMNS FROM `exam_paper` [ RunTime:0.0018s ]
SQL: SELECT Users.id AS userId,Users.username AS username,Paper.id AS id,Paper.paperName AS paperName,Paper.paperRule1 AS paperRule1,Paper.paperRule2 AS paperRule2,Paper.paperShare AS paperShare,Paper.status AS status,Paper.memo AS memo,Paper.createTime AS createTime FROM exam_users Users  JOIN exam_paper Paper ON Paper.ownerId=Users.id WHERE ( inUse=1 ) ORDER BY Paper.id desc  [ RunTime:0.0009s ]
INFO: [ app_end ] --START--
INFO: Run Behavior\ShowPageTraceBehavior [ RunTime:0.000638s ]
INFO: [ app_end ] --END-- [ RunTime:0.000701s ]

[ 2016-06-30T09:19:21+08:00 ] 127.0.0.1 /thinkphp/index.php/admin/Room/roomList
INFO: [ app_init ] --START--
INFO: Run Behavior\BuildLiteBehavior [ RunTime:0.000012s ]
INFO: [ app_init ] --END-- [ RunTime:0.000246s ]
INFO: [ app_begin ] --START--
INFO: Run Behavior\ReadHtmlCacheBehavior [ RunTime:0.000300s ]
INFO: [ app_begin ] --END-- [ RunTime:0.000335s ]
NOTIC: [8] Undefined index: validate /Users/liangming/webSite/thinkphp/ThinkPHP/Library/Think/Model.class.php 第 1185 行.
NOTIC: [2] in_array() expects parameter 2 to be array, boolean given /Users/liangming/webSite/thinkphp/ThinkPHP/Library/Think/Model.class.php 第 1055 行.
NOTIC: [2] in_array() expects parameter 2 to be array, boolean given /Users/liangming/webSite/thinkphp/ThinkPHP/Library/Think/Model.class.php 第 1055 行.
NOTIC: [8] Undefined index: auto /Users/liangming/webSite/thinkphp/ThinkPHP/Library/Think/Model.class.php 第 1128 行.
SQL: SHOW COLUMNS FROM `exam_room` [ RunTime:0.0027s ]
SQL: SHOW COLUMNS FROM `exam_users` [ RunTime:0.0017s ]
SQL: SHOW COLUMNS FROM `exam_paper` [ RunTime:0.0023s ]
SQL: SELECT Room.id AS id,Room.roomName AS roomName,Room.paper AS paper,Room.startTime AS startTime,Room.endTime AS endTime,Room.userRange AS userRange,Room.timeLimit AS timeLimit,Room.forceEnd AS forceEnd,Room.memo AS memo,Room.ownerId AS ownerId,Room.createTime AS createTime,Room.status AS status,Users.id AS userid,Users.username AS username,Paper.id AS paperid,Paper.paperName AS paperName FROM exam_room Room  JOIN exam_users Users ON Users.id=Room.ownerId  JOIN exam_paper Paper ON Room.paper=paper.id ORDER BY Room.id desc  [ RunTime:0.0007s ]
INFO: [ app_end ] --START--
INFO: Run Behavior\ShowPageTraceBehavior [ RunTime:0.000493s ]
INFO: [ app_end ] --END-- [ RunTime:0.000547s ]

[ 2016-06-30T09:19:23+08:00 ] 127.0.0.1 /thinkphp/index.php/admin/Class?_=1467249559827
INFO: [ app_init ] --START--
INFO: Run Behavior\BuildLiteBehavior [ RunTime:0.000013s ]
INFO: [ app_init ] --END-- [ RunTime:0.000233s ]
INFO: [ app_begin ] --START--
INFO: Run Behavior\ReadHtmlCacheBehavior [ RunTime:0.000409s ]
INFO: [ app_begin ] --END-- [ RunTime:0.000442s ]
INFO: [ view_parse ] --START--
INFO: [ template_filter ] --START--
INFO: Run Behavior\ContentReplaceBehavior [ RunTime:0.000035s ]
INFO: [ template_filter ] --END-- [ RunTime:0.000081s ]
NOTIC: [8] Undefined variable: Class /Users/liangming/webSite/thinkphp/EXAM/Runtime/Cache/Admin/f6e953c2d82f6e0176b68e3b351eccb6.php 第 118 行.
NOTIC: [8] Undefined variable: roomList /Users/liangming/webSite/thinkphp/EXAM/Runtime/Cache/Admin/f6e953c2d82f6e0176b68e3b351eccb6.php 第 119 行.
INFO: Run Behavior\ParseTemplateBehavior [ RunTime:0.006148s ]
INFO: [ view_parse ] --END-- [ RunTime:0.006198s ]
INFO: [ view_filter ] --START--
INFO: Run Behavior\WriteHtmlCacheBehavior [ RunTime:0.000181s ]
INFO: [ view_filter ] --END-- [ RunTime:0.000217s ]
INFO: [ app_end ] --START--
INFO: Run Behavior\ShowPageTraceBehavior [ RunTime:0.000553s ]
INFO: [ app_end ] --END-- [ RunTime:0.000649s ]

[ 2016-06-30T09:19:23+08:00 ] 127.0.0.1 /thinkphp/index.php/admin/Class/classList
INFO: [ app_init ] --START--
INFO: Run Behavior\BuildLiteBehavior [ RunTime:0.000018s ]
INFO: [ app_init ] --END-- [ RunTime:0.000388s ]
INFO: [ app_begin ] --START--
INFO: Run Behavior\ReadHtmlCacheBehavior [ RunTime:0.000493s ]
INFO: [ app_begin ] --END-- [ RunTime:0.000556s ]
NOTIC: [8] Undefined index: validate /Users/liangming/webSite/thinkphp/ThinkPHP/Library/Think/Model.class.php 第 1185 行.
NOTIC: [2] in_array() expects parameter 2 to be array, boolean given /Users/liangming/webSite/thinkphp/ThinkPHP/Library/Think/Model.class.php 第 1055 行.
NOTIC: [2] in_array() expects parameter 2 to be array, boolean given /Users/liangming/webSite/thinkphp/ThinkPHP/Library/Think/Model.class.php 第 1055 行.
NOTIC: [8] Undefined index: auto /Users/liangming/webSite/thinkphp/ThinkPHP/Library/Think/Model.class.php 第 1128 行.
SQL: SHOW COLUMNS FROM `exam_class` [ RunTime:0.0027s ]
SQL: SHOW COLUMNS FROM `exam_users` [ RunTime:0.0024s ]
SQL: SELECT Class.id AS id,Class.className AS className,Class.memo AS memo,Class.ownerId AS ownerId,Class.createTime AS createTime,Class.status AS status,Class.ratedScore AS ratedScore,Class.ratedTime AS ratedTime,Class.classAttach AS classAttach,Users.id AS userid,Users.username AS username FROM exam_class Class  JOIN exam_users Users ON Users.id=Class.ownerId WHERE ( inUse=1 ) ORDER BY Class.id desc  [ RunTime:0.0006s ]
INFO: [ app_end ] --START--
INFO: Run Behavior\ShowPageTraceBehavior [ RunTime:0.000417s ]
INFO: [ app_end ] --END-- [ RunTime:0.000458s ]

[ 2016-06-30T09:19:23+08:00 ] 127.0.0.1 /thinkphp/index.php/admin/Class/attachList
INFO: [ app_init ] --START--
INFO: Run Behavior\BuildLiteBehavior [ RunTime:0.000012s ]
INFO: [ app_init ] --END-- [ RunTime:0.000240s ]
INFO: [ app_begin ] --START--
INFO: Run Behavior\ReadHtmlCacheBehavior [ RunTime:0.000352s ]
INFO: [ app_begin ] --END-- [ RunTime:0.000391s ]
ERR: 非法操作:attachList

[ 2016-06-30T09:20:08+08:00 ] 127.0.0.1 /thinkphp/index.php/admin/Class/save
INFO: [ app_init ] --START--
INFO: Run Behavior\BuildLiteBehavior [ RunTime:0.000013s ]
INFO: [ app_init ] --END-- [ RunTime:0.000269s ]
INFO: [ app_begin ] --START--
INFO: Run Behavior\ReadHtmlCacheBehavior [ RunTime:0.000330s ]
INFO: [ app_begin ] --END-- [ RunTime:0.000370s ]
SQL: SHOW COLUMNS FROM `exam_class` [ RunTime:0.0022s ]
INFO: [ app_end ] --START--
INFO: Run Behavior\ShowPageTraceBehavior [ RunTime:0.000363s ]
INFO: [ app_end ] --END-- [ RunTime:0.000402s ]

[ 2016-06-30T09:20:17+08:00 ] 127.0.0.1 /thinkphp/index.php/admin/Class/save
INFO: [ app_init ] --START--
INFO: Run Behavior\BuildLiteBehavior [ RunTime:0.000010s ]
INFO: [ app_init ] --END-- [ RunTime:0.000205s ]
INFO: [ app_begin ] --START--
INFO: Run Behavior\ReadHtmlCacheBehavior [ RunTime:0.000300s ]
INFO: [ app_begin ] --END-- [ RunTime:0.000332s ]
SQL: SHOW COLUMNS FROM `exam_class` [ RunTime:0.0019s ]
INFO: [ app_end ] --START--
INFO: Run Behavior\ShowPageTraceBehavior [ RunTime:0.000382s ]
INFO: [ app_end ] --END-- [ RunTime:0.000423s ]

[ 2016-06-30T09:21:24+08:00 ] 127.0.0.1 /thinkphp/index.php/admin/
INFO: [ app_init ] --START--
INFO: Run Behavior\BuildLiteBehavior [ RunTime:0.000010s ]
INFO: [ app_init ] --END-- [ RunTime:0.000209s ]
INFO: [ app_begin ] --START--
INFO: Run Behavior\ReadHtmlCacheBehavior [ RunTime:0.000268s ]
INFO: [ app_begin ] --END-- [ RunTime:0.000301s ]
INFO: [ view_parse ] --START--
INFO: [ template_filter ] --START--
INFO: Run Behavior\ContentReplaceBehavior [ RunTime:0.000032s ]
INFO: [ template_filter ] --END-- [ RunTime:0.000076s ]
NOTIC: [8] Undefined variable: adminKaochang /Users/liangming/webSite/thinkphp/EXAM/Runtime/Cache/Admin/a1fb5ff002d6532f68fec278b877b467.php 第 143 行.
INFO: Run Behavior\ParseTemplateBehavior [ RunTime:0.051551s ]
INFO: [ view_parse ] --END-- [ RunTime:0.051579s ]
INFO: [ view_filter ] --START--
INFO: Run Behavior\WriteHtmlCacheBehavior [ RunTime:0.000118s ]
INFO: [ view_filter ] --END-- [ RunTime:0.000143s ]
INFO: [ app_end ] --START--
INFO: Run Behavior\ShowPageTraceBehavior [ RunTime:0.000289s ]
INFO: [ app_end ] --END-- [ RunTime:0.000328s ]

[ 2016-06-30T09:21:26+08:00 ] 127.0.0.1 /thinkphp/index.php/admin/Class?_=1467249684520
INFO: [ app_init ] --START--
INFO: Run Behavior\BuildLiteBehavior [ RunTime:0.000013s ]
INFO: [ app_init ] --END-- [ RunTime:0.000263s ]
INFO: [ app_begin ] --START--
INFO: Run Behavior\ReadHtmlCacheBehavior [ RunTime:0.000554s ]
INFO: [ app_begin ] --END-- [ RunTime:0.000624s ]
INFO: [ view_parse ] --START--
INFO: [ template_filter ] --START--
INFO: Run Behavior\ContentReplaceBehavior [ RunTime:0.000032s ]
INFO: [ template_filter ] --END-- [ RunTime:0.000076s ]
NOTIC: [8] Undefined variable: Class /Users/liangming/webSite/thinkphp/EXAM/Runtime/Cache/Admin/f6e953c2d82f6e0176b68e3b351eccb6.php 第 118 行.
NOTIC: [8] Undefined variable: roomList /Users/liangming/webSite/thinkphp/EXAM/Runtime/Cache/Admin/f6e953c2d82f6e0176b68e3b351eccb6.php 第 119 行.
INFO: Run Behavior\ParseTemplateBehavior [ RunTime:0.005839s ]
INFO: [ view_parse ] --END-- [ RunTime:0.005879s ]
INFO: [ view_filter ] --START--
INFO: Run Behavior\WriteHtmlCacheBehavior [ RunTime:0.000140s ]
INFO: [ view_filter ] --END-- [ RunTime:0.000191s ]
INFO: [ app_end ] --START--
INFO: Run Behavior\ShowPageTraceBehavior [ RunTime:0.000453s ]
INFO: [ app_end ] --END-- [ RunTime:0.000494s ]

[ 2016-06-30T09:21:26+08:00 ] 127.0.0.1 /thinkphp/index.php/admin/Class/classList
INFO: [ app_init ] --START--
INFO: Run Behavior\BuildLiteBehavior [ RunTime:0.000016s ]
INFO: [ app_init ] --END-- [ RunTime:0.000272s ]
INFO: [ app_begin ] --START--
INFO: Run Behavior\ReadHtmlCacheBehavior [ RunTime:0.000361s ]
INFO: [ app_begin ] --END-- [ RunTime:0.000402s ]
NOTIC: [8] Undefined index: validate /Users/liangming/webSite/thinkphp/ThinkPHP/Library/Think/Model.class.php 第 1185 行.
NOTIC: [2] in_array() expects parameter 2 to be array, boolean given /Users/liangming/webSite/thinkphp/ThinkPHP/Library/Think/Model.class.php 第 1055 行.
NOTIC: [2] in_array() expects parameter 2 to be array, boolean given /Users/liangming/webSite/thinkphp/ThinkPHP/Library/Think/Model.class.php 第 1055 行.
NOTIC: [8] Undefined index: auto /Users/liangming/webSite/thinkphp/ThinkPHP/Library/Think/Model.class.php 第 1128 行.
SQL: SHOW COLUMNS FROM `exam_class` [ RunTime:0.0022s ]
SQL: SHOW COLUMNS FROM `exam_users` [ RunTime:0.0022s ]
SQL: SELECT Class.id AS id,Class.className AS className,Class.memo AS memo,Class.ownerId AS ownerId,Class.createTime AS createTime,Class.status AS status,Class.ratedScore AS ratedScore,Class.ratedTime AS ratedTime,Class.classAttach AS classAttach,Users.id AS userid,Users.username AS username FROM exam_class Class  JOIN exam_users Users ON Users.id=Class.ownerId WHERE ( inUse=1 ) ORDER BY Class.id desc  [ RunTime:0.0004s ]
INFO: [ app_end ] --START--
INFO: Run Behavior\ShowPageTraceBehavior [ RunTime:0.000445s ]
INFO: [ app_end ] --END-- [ RunTime:0.000484s ]

[ 2016-06-30T09:21:26+08:00 ] 127.0.0.1 /thinkphp/index.php/admin/Class/attachList
INFO: [ app_init ] --START--
INFO: Run Behavior\BuildLiteBehavior [ RunTime:0.000012s ]
INFO: [ app_init ] --END-- [ RunTime:0.000250s ]
INFO: [ app_begin ] --START--
INFO: Run Behavior\ReadHtmlCacheBehavior [ RunTime:0.000293s ]
INFO: [ app_begin ] --END-- [ RunTime:0.000328s ]
ERR: 非法操作:attachList

[ 2016-06-30T09:21:31+08:00 ] 127.0.0.1 /thinkphp/index.php/admin/Class/save
INFO: [ app_init ] --START--
INFO: Run Behavior\BuildLiteBehavior [ RunTime:0.000011s ]
INFO: [ app_init ] --END-- [ RunTime:0.000212s ]
INFO: [ app_begin ] --START--
INFO: Run Behavior\ReadHtmlCacheBehavior [ RunTime:0.000259s ]
INFO: [ app_begin ] --END-- [ RunTime:0.000290s ]
SQL: SHOW COLUMNS FROM `exam_class` [ RunTime:0.0018s ]
NOTIC: [8] Undefined index: validate /Users/liangming/webSite/thinkphp/ThinkPHP/Library/Think/Model.class.php 第 1185 行.
INFO: [ app_end ] --START--
INFO: Run Behavior\ShowPageTraceBehavior [ RunTime:0.000395s ]
INFO: [ app_end ] --END-- [ RunTime:0.000436s ]

[ 2016-06-30T09:21:40+08:00 ] 127.0.0.1 /thinkphp/index.php/admin/Class/save
INFO: [ app_init ] --START--
INFO: Run Behavior\BuildLiteBehavior [ RunTime:0.000009s ]
INFO: [ app_init ] --END-- [ RunTime:0.000206s ]
INFO: [ app_begin ] --START--
INFO: Run Behavior\ReadHtmlCacheBehavior [ RunTime:0.000260s ]
INFO: [ app_begin ] --END-- [ RunTime:0.000292s ]
SQL: SHOW COLUMNS FROM `exam_class` [ RunTime:0.0060s ]
NOTIC: [8] Undefined index: validate /Users/liangming/webSite/thinkphp/ThinkPHP/Library/Think/Model.class.php 第 1185 行.
SQL: SELECT * FROM `exam_class` WHERE `className` = 'class1' LIMIT 1   [ RunTime:0.0004s ]
INFO: [ app_end ] --START--
INFO: Run Behavior\ShowPageTraceBehavior [ RunTime:0.000457s ]
INFO: [ app_end ] --END-- [ RunTime:0.000501s ]

[ 2016-06-30T09:21:47+08:00 ] 127.0.0.1 /thinkphp/index.php/admin/Class/save
INFO: [ app_init ] --START--
INFO: Run Behavior\BuildLiteBehavior [ RunTime:0.000009s ]
INFO: [ app_init ] --END-- [ RunTime:0.000204s ]
INFO: [ app_begin ] --START--
INFO: Run Behavior\ReadHtmlCacheBehavior [ RunTime:0.000252s ]
INFO: [ app_begin ] --END-- [ RunTime:0.000283s ]
SQL: SHOW COLUMNS FROM `exam_class` [ RunTime:0.0064s ]
NOTIC: [8] Undefined index: validate /Users/liangming/webSite/thinkphp/ThinkPHP/Library/Think/Model.class.php 第 1185 行.
SQL: SELECT * FROM `exam_class` WHERE `className` = 'class2' LIMIT 1   [ RunTime:0.0004s ]
NOTIC: [8] Undefined index: auto /Users/liangming/webSite/thinkphp/ThinkPHP/Library/Think/Model.class.php 第 1128 行.
SQL: INSERT INTO `exam_class` (`className`,`status`,`memo`,`id`,`createTime`,`ownerId`) VALUES ('class2','1','','0','2016-06-30 09:21:47','10001') [ RunTime:0.0734s ]
INFO: [ app_end ] --START--
INFO: Run Behavior\ShowPageTraceBehavior [ RunTime:0.000493s ]
INFO: [ app_end ] --END-- [ RunTime:0.000541s ]

[ 2016-06-30T09:21:48+08:00 ] 127.0.0.1 /thinkphp/index.php/admin/Class/classList
INFO: [ app_init ] --START--
INFO: Run Behavior\BuildLiteBehavior [ RunTime:0.000013s ]
INFO: [ app_init ] --END-- [ RunTime:0.000302s ]
INFO: [ app_begin ] --START--
INFO: Run Behavior\ReadHtmlCacheBehavior [ RunTime:0.000320s ]
INFO: [ app_begin ] --END-- [ RunTime:0.000366s ]
NOTIC: [8] Undefined index: validate /Users/liangming/webSite/thinkphp/ThinkPHP/Library/Think/Model.class.php 第 1185 行.
NOTIC: [2] in_array() expects parameter 2 to be array, boolean given /Users/liangming/webSite/thinkphp/ThinkPHP/Library/Think/Model.class.php 第 1055 行.
NOTIC: [2] in_array() expects parameter 2 to be array, boolean given /Users/liangming/webSite/thinkphp/ThinkPHP/Library/Think/Model.class.php 第 1055 行.
NOTIC: [8] Undefined index: auto /Users/liangming/webSite/thinkphp/ThinkPHP/Library/Think/Model.class.php 第 1128 行.
SQL: SHOW COLUMNS FROM `exam_class` [ RunTime:0.0020s ]
SQL: SHOW COLUMNS FROM `exam_users` [ RunTime:0.0024s ]
SQL: SELECT Class.id AS id,Class.className AS className,Class.memo AS memo,Class.ownerId AS ownerId,Class.createTime AS createTime,Class.status AS status,Class.ratedScore AS ratedScore,Class.ratedTime AS ratedTime,Class.classAttach AS classAttach,Users.id AS userid,Users.username AS username FROM exam_class Class  JOIN exam_users Users ON Users.id=Class.ownerId WHERE ( inUse=1 ) ORDER BY Class.id desc  [ RunTime:0.0006s ]
INFO: [ app_end ] --START--
INFO: Run Behavior\ShowPageTraceBehavior [ RunTime:0.000420s ]
INFO: [ app_end ] --END-- [ RunTime:0.000456s ]

[ 2016-06-30T09:22:02+08:00 ] 127.0.0.1 /thinkphp/index.php/admin/Class/save
INFO: [ app_init ] --START--
INFO: Run Behavior\BuildLiteBehavior [ RunTime:0.000010s ]
INFO: [ app_init ] --END-- [ RunTime:0.000209s ]
INFO: [ app_begin ] --START--
INFO: Run Behavior\ReadHtmlCacheBehavior [ RunTime:0.000262s ]
INFO: [ app_begin ] --END-- [ RunTime:0.000300s ]
SQL: SHOW COLUMNS FROM `exam_class` [ RunTime:0.0024s ]
NOTIC: [8] Undefined index: validate /Users/liangming/webSite/thinkphp/ThinkPHP/Library/Think/Model.class.php 第 1185 行.
SQL: SELECT * FROM `exam_class` WHERE `className` = 'class3' LIMIT 1   [ RunTime:0.0004s ]
NOTIC: [8] Undefined index: auto /Users/liangming/webSite/thinkphp/ThinkPHP/Library/Think/Model.class.php 第 1128 行.
SQL: INSERT INTO `exam_class` (`className`,`memo`,`id`,`createTime`,`ownerId`,`status`) VALUES ('class3','','0','2016-06-30 09:22:02','10001','0') [ RunTime:0.0006s ]
INFO: [ app_end ] --START--
INFO: Run Behavior\ShowPageTraceBehavior [ RunTime:0.000448s ]
INFO: [ app_end ] --END-- [ RunTime:0.000491s ]

[ 2016-06-30T09:22:02+08:00 ] 127.0.0.1 /thinkphp/index.php/admin/Class/classList
INFO: [ app_init ] --START--
INFO: Run Behavior\BuildLiteBehavior [ RunTime:0.000013s ]
INFO: [ app_init ] --END-- [ RunTime:0.000334s ]
INFO: [ app_begin ] --START--
INFO: Run Behavior\ReadHtmlCacheBehavior [ RunTime:0.000391s ]
INFO: [ app_begin ] --END-- [ RunTime:0.000430s ]
NOTIC: [8] Undefined index: validate /Users/liangming/webSite/thinkphp/ThinkPHP/Library/Think/Model.class.php 第 1185 行.
NOTIC: [2] in_array() expects parameter 2 to be array, boolean given /Users/liangming/webSite/thinkphp/ThinkPHP/Library/Think/Model.class.php 第 1055 行.
NOTIC: [2] in_array() expects parameter 2 to be array, boolean given /Users/liangming/webSite/thinkphp/ThinkPHP/Library/Think/Model.class.php 第 1055 行.
NOTIC: [8] Undefined index: auto /Users/liangming/webSite/thinkphp/ThinkPHP/Library/Think/Model.class.php 第 1128 行.
SQL: SHOW COLUMNS FROM `exam_class` [ RunTime:0.0029s ]
SQL: SHOW COLUMNS FROM `exam_users` [ RunTime:0.0020s ]
SQL: SELECT Class.id AS id,Class.className AS className,Class.memo AS memo,Class.ownerId AS ownerId,Class.createTime AS createTime,Class.status AS status,Class.ratedScore AS ratedScore,Class.ratedTime AS ratedTime,Class.classAttach AS classAttach,Users.id AS userid,Users.username AS username FROM exam_class Class  JOIN exam_users Users ON Users.id=Class.ownerId WHERE ( inUse=1 ) ORDER BY Class.id desc  [ RunTime:0.0006s ]
INFO: [ app_end ] --START--
INFO: Run Behavior\ShowPageTraceBehavior [ RunTime:0.000416s ]
INFO: [ app_end ] --END-- [ RunTime:0.000450s ]

[ 2016-06-30T19:38:28+08:00 ] 127.0.0.1 /thinkphp/index.php/admin/
INFO: [ app_init ] --START--
INFO: Run Behavior\BuildLiteBehavior [ RunTime:0.000009s ]
INFO: [ app_init ] --END-- [ RunTime:0.000203s ]
INFO: [ app_begin ] --START--
INFO: Run Behavior\ReadHtmlCacheBehavior [ RunTime:0.000466s ]
INFO: [ app_begin ] --END-- [ RunTime:0.000562s ]
INFO: [ view_parse ] --START--
INFO: [ template_filter ] --START--
INFO: Run Behavior\ContentReplaceBehavior [ RunTime:0.000032s ]
INFO: [ template_filter ] --END-- [ RunTime:0.000077s ]
NOTIC: [8] Undefined variable: adminKaochang /Users/liangming/webSite/thinkphp/EXAM/Runtime/Cache/Admin/a1fb5ff002d6532f68fec278b877b467.php 第 143 行.
INFO: Run Behavior\ParseTemplateBehavior [ RunTime:0.050159s ]
INFO: [ view_parse ] --END-- [ RunTime:0.050244s ]
INFO: [ view_filter ] --START--
INFO: Run Behavior\WriteHtmlCacheBehavior [ RunTime:0.000147s ]
INFO: [ view_filter ] --END-- [ RunTime:0.000187s ]
INFO: [ app_end ] --START--
INFO: Run Behavior\ShowPageTraceBehavior [ RunTime:0.000321s ]
INFO: [ app_end ] --END-- [ RunTime:0.000351s ]

[ 2016-06-30T19:38:31+08:00 ] 127.0.0.1 /thinkphp/index.php/admin/Class?_=1467286708275
INFO: [ app_init ] --START--
INFO: Run Behavior\BuildLiteBehavior [ RunTime:0.000039s ]
INFO: [ app_init ] --END-- [ RunTime:0.000564s ]
INFO: [ app_begin ] --START--
INFO: Run Behavior\ReadHtmlCacheBehavior [ RunTime:0.000602s ]
INFO: [ app_begin ] --END-- [ RunTime:0.000661s ]
INFO: [ view_parse ] --START--
INFO: [ template_filter ] --START--
INFO: Run Behavior\ContentReplaceBehavior [ RunTime:0.000154s ]
INFO: [ template_filter ] --END-- [ RunTime:0.000271s ]
NOTIC: [8] Undefined variable: Class /Users/liangming/webSite/thinkphp/EXAM/Runtime/Cache/Admin/f6e953c2d82f6e0176b68e3b351eccb6.php 第 118 行.
NOTIC: [8] Undefined variable: roomList /Users/liangming/webSite/thinkphp/EXAM/Runtime/Cache/Admin/f6e953c2d82f6e0176b68e3b351eccb6.php 第 119 行.
INFO: Run Behavior\ParseTemplateBehavior [ RunTime:0.093159s ]
INFO: [ view_parse ] --END-- [ RunTime:0.093202s ]
INFO: [ view_filter ] --START--
INFO: Run Behavior\WriteHtmlCacheBehavior [ RunTime:0.000149s ]
INFO: [ view_filter ] --END-- [ RunTime:0.000176s ]
INFO: [ app_end ] --START--
INFO: Run Behavior\ShowPageTraceBehavior [ RunTime:0.000665s ]
INFO: [ app_end ] --END-- [ RunTime:0.000806s ]

[ 2016-06-30T19:38:32+08:00 ] 127.0.0.1 /thinkphp/index.php/admin/Class/classList
INFO: [ app_init ] --START--
INFO: Run Behavior\BuildLiteBehavior [ RunTime:0.000012s ]
INFO: [ app_init ] --END-- [ RunTime:0.000248s ]
INFO: [ app_begin ] --START--
INFO: Run Behavior\ReadHtmlCacheBehavior [ RunTime:0.000316s ]
INFO: [ app_begin ] --END-- [ RunTime:0.000357s ]
NOTIC: [8] Undefined index: validate /Users/liangming/webSite/thinkphp/ThinkPHP/Library/Think/Model.class.php 第 1185 行.
NOTIC: [2] in_array() expects parameter 2 to be array, boolean given /Users/liangming/webSite/thinkphp/ThinkPHP/Library/Think/Model.class.php 第 1055 行.
NOTIC: [2] in_array() expects parameter 2 to be array, boolean given /Users/liangming/webSite/thinkphp/ThinkPHP/Library/Think/Model.class.php 第 1055 行.
NOTIC: [8] Undefined index: auto /Users/liangming/webSite/thinkphp/ThinkPHP/Library/Think/Model.class.php 第 1128 行.
SQL: SHOW COLUMNS FROM `exam_class` [ RunTime:0.0022s ]
SQL: SHOW COLUMNS FROM `exam_users` [ RunTime:0.0025s ]
SQL: SELECT Class.id AS id,Class.className AS className,Class.memo AS memo,Class.ownerId AS ownerId,Class.createTime AS createTime,Class.status AS status,Class.ratedScore AS ratedScore,Class.ratedTime AS ratedTime,Class.classAttach AS classAttach,Users.id AS userid,Users.username AS username FROM exam_class Class  JOIN exam_users Users ON Users.id=Class.ownerId WHERE ( inUse=1 ) ORDER BY Class.id desc  [ RunTime:0.0006s ]
INFO: [ app_end ] --START--
INFO: Run Behavior\ShowPageTraceBehavior [ RunTime:0.000528s ]
INFO: [ app_end ] --END-- [ RunTime:0.000578s ]

[ 2016-06-30T19:38:32+08:00 ] 127.0.0.1 /thinkphp/index.php/admin/Class/attachList
INFO: [ app_init ] --START--
INFO: Run Behavior\BuildLiteBehavior [ RunTime:0.000013s ]
INFO: [ app_init ] --END-- [ RunTime:0.000300s ]
INFO: [ app_begin ] --START--
INFO: Run Behavior\ReadHtmlCacheBehavior [ RunTime:0.000346s ]
INFO: [ app_begin ] --END-- [ RunTime:0.000383s ]
ERR: 非法操作:attachList

[ 2016-06-30T19:38:43+08:00 ] 127.0.0.1 /thinkphp/index.php/admin/Class/save
INFO: [ app_init ] --START--
INFO: Run Behavior\BuildLiteBehavior [ RunTime:0.000010s ]
INFO: [ app_init ] --END-- [ RunTime:0.000207s ]
INFO: [ app_begin ] --START--
INFO: Run Behavior\ReadHtmlCacheBehavior [ RunTime:0.000260s ]
INFO: [ app_begin ] --END-- [ RunTime:0.000292s ]
SQL: SHOW COLUMNS FROM `exam_class` [ RunTime:0.0027s ]
NOTIC: [8] Undefined index: validate /Users/liangming/webSite/thinkphp/ThinkPHP/Library/Think/Model.class.php 第 1185 行.
SQL: SELECT * FROM `exam_class` WHERE `className` = 'class4' LIMIT 1   [ RunTime:0.0003s ]
NOTIC: [8] Undefined index: auto /Users/liangming/webSite/thinkphp/ThinkPHP/Library/Think/Model.class.php 第 1128 行.
SQL: INSERT INTO `exam_class` (`className`,`memo`,`id`,`createTime`,`ownerId`,`status`) VALUES ('class4','','0','2016-06-30 19:38:43','10001','0') [ RunTime:0.0501s ]
INFO: [ app_end ] --START--
INFO: Run Behavior\ShowPageTraceBehavior [ RunTime:0.000575s ]
INFO: [ app_end ] --END-- [ RunTime:0.000626s ]

[ 2016-06-30T19:38:43+08:00 ] 127.0.0.1 /thinkphp/index.php/admin/Class/classList
INFO: [ app_init ] --START--
INFO: Run Behavior\BuildLiteBehavior [ RunTime:0.000017s ]
INFO: [ app_init ] --END-- [ RunTime:0.000294s ]
INFO: [ app_begin ] --START--
INFO: Run Behavior\ReadHtmlCacheBehavior [ RunTime:0.000330s ]
INFO: [ app_begin ] --END-- [ RunTime:0.000369s ]
NOTIC: [8] Undefined index: validate /Users/liangming/webSite/thinkphp/ThinkPHP/Library/Think/Model.class.php 第 1185 行.
NOTIC: [2] in_array() expects parameter 2 to be array, boolean given /Users/liangming/webSite/thinkphp/ThinkPHP/Library/Think/Model.class.php 第 1055 行.
NOTIC: [2] in_array() expects parameter 2 to be array, boolean given /Users/liangming/webSite/thinkphp/ThinkPHP/Library/Think/Model.class.php 第 1055 行.
NOTIC: [8] Undefined index: auto /Users/liangming/webSite/thinkphp/ThinkPHP/Library/Think/Model.class.php 第 1128 行.
SQL: SHOW COLUMNS FROM `exam_class` [ RunTime:0.0025s ]
SQL: SHOW COLUMNS FROM `exam_users` [ RunTime:0.0021s ]
SQL: SELECT Class.id AS id,Class.className AS className,Class.memo AS memo,Class.ownerId AS ownerId,Class.createTime AS createTime,Class.status AS status,Class.ratedScore AS ratedScore,Class.ratedTime AS ratedTime,Class.classAttach AS classAttach,Users.id AS userid,Users.username AS username FROM exam_class Class  JOIN exam_users Users ON Users.id=Class.ownerId WHERE ( inUse=1 ) ORDER BY Class.id desc  [ RunTime:0.0006s ]
INFO: [ app_end ] --START--
INFO: Run Behavior\ShowPageTraceBehavior [ RunTime:0.000503s ]
INFO: [ app_end ] --END-- [ RunTime:0.000562s ]

