[ 2016-06-28T21:37:21+08:00 ] 127.0.0.1 /thinkphp/index.php/Index/detail/id/22
INFO: [ app_init ] --START--
INFO: Run Behavior\BuildLiteBehavior [ RunTime:0.000010s ]
INFO: [ app_init ] --END-- [ RunTime:0.000206s ]
ERR: 无法加载模块:Index

[ 2016-06-28T21:37:23+08:00 ] 127.0.0.1 /thinkphp/index.php/Index/detail/id/20
INFO: [ app_init ] --START--
INFO: Run Behavior\BuildLiteBehavior [ RunTime:0.000011s ]
INFO: [ app_init ] --END-- [ RunTime:0.000213s ]
ERR: 无法加载模块:Index

[ 2016-06-28T21:37:36+08:00 ] 127.0.0.1 /thinkphp/index.php/Index/detail/id/20
INFO: [ app_init ] --START--
INFO: Run Behavior\BuildLiteBehavior [ RunTime:0.000013s ]
INFO: [ app_init ] --END-- [ RunTime:0.000232s ]
ERR: 无法加载模块:Index

[ 2016-06-28T21:38:06+08:00 ] 127.0.0.1 /thinkphp/index.php/Index/detail/id/20
INFO: [ app_init ] --START--
INFO: Run Behavior\BuildLiteBehavior [ RunTime:0.000009s ]
INFO: [ app_init ] --END-- [ RunTime:0.000205s ]
ERR: 无法加载模块:Index

[ 2016-06-28T21:41:24+08:00 ] 127.0.0.1 /thinkphp/index.php/Index/detail/id/20
INFO: [ app_init ] --START--
INFO: Run Behavior\BuildLiteBehavior [ RunTime:0.000015s ]
INFO: [ app_init ] --END-- [ RunTime:0.000267s ]
ERR: 无法加载模块:Index

[ 2016-06-28T21:41:27+08:00 ] 127.0.0.1 /thinkphp/index.php/Index/detail/id/23
INFO: [ app_init ] --START--
INFO: Run Behavior\BuildLiteBehavior [ RunTime:0.000011s ]
INFO: [ app_init ] --END-- [ RunTime:0.000245s ]
ERR: 无法加载模块:Index

[ 2016-06-28T21:41:29+08:00 ] 127.0.0.1 /thinkphp/index.php/Index/detail/id/22
INFO: [ app_init ] --START--
INFO: Run Behavior\BuildLiteBehavior [ RunTime:0.000014s ]
INFO: [ app_init ] --END-- [ RunTime:0.000262s ]
ERR: 无法加载模块:Index

[ 2016-06-28T21:41:34+08:00 ] 127.0.0.1 /thinkphp/index.php/Index/detail/id/23
INFO: [ app_init ] --START--
INFO: Run Behavior\BuildLiteBehavior [ RunTime:0.000010s ]
INFO: [ app_init ] --END-- [ RunTime:0.000221s ]
ERR: 无法加载模块:Index

[ 2016-06-28T21:41:36+08:00 ] 127.0.0.1 /thinkphp/index.php/Index/detail/id/20
INFO: [ app_init ] --START--
INFO: Run Behavior\BuildLiteBehavior [ RunTime:0.000011s ]
INFO: [ app_init ] --END-- [ RunTime:0.000242s ]
ERR: 无法加载模块:Index

[ 2016-06-28T21:41:37+08:00 ] 127.0.0.1 /thinkphp/index.php/Index/detail/id/20
INFO: [ app_init ] --START--
INFO: Run Behavior\BuildLiteBehavior [ RunTime:0.000010s ]
INFO: [ app_init ] --END-- [ RunTime:0.000239s ]
ERR: 无法加载模块:Index

