[ 2016-06-06T14:22:14+08:00 ] 127.0.0.1 /thinkphp/index.php/images/msn.gif
INFO: [ app_init ] --START--
INFO: Run Behavior\BuildLiteBehavior [ RunTime:0.000010s ]
INFO: [ app_init ] --END-- [ RunTime:0.000206s ]
ERR: 无法加载模块:Images

[ 2016-06-06T14:24:16+08:00 ] 127.0.0.1 /thinkphp/index.php/images/msn.gif
INFO: [ app_init ] --START--
INFO: Run Behavior\BuildLiteBehavior [ RunTime:0.000013s ]
INFO: [ app_init ] --END-- [ RunTime:0.000267s ]
ERR: 无法加载模块:Images

[ 2016-06-06T14:26:42+08:00 ] 127.0.0.1 /thinkphp/index.php/images/msn.gif
INFO: [ app_init ] --START--
INFO: Run Behavior\BuildLiteBehavior [ RunTime:0.000012s ]
INFO: [ app_init ] --END-- [ RunTime:0.000231s ]
ERR: 无法加载模块:Images

[ 2016-06-06T14:27:54+08:00 ] 127.0.0.1 /thinkphp/index.php/images/msn.gif
INFO: [ app_init ] --START--
INFO: Run Behavior\BuildLiteBehavior [ RunTime:0.000012s ]
INFO: [ app_init ] --END-- [ RunTime:0.000240s ]
ERR: 无法加载模块:Images

[ 2016-06-06T14:28:52+08:00 ] 127.0.0.1 /thinkphp/index.php/images/msn.gif
INFO: [ app_init ] --START--
INFO: Run Behavior\BuildLiteBehavior [ RunTime:0.000031s ]
INFO: [ app_init ] --END-- [ RunTime:0.000555s ]
ERR: 无法加载模块:Images

[ 2016-06-06T14:29:34+08:00 ] 127.0.0.1 /thinkphp/index.php/images/msn.gif
INFO: [ app_init ] --START--
INFO: Run Behavior\BuildLiteBehavior [ RunTime:0.000022s ]
INFO: [ app_init ] --END-- [ RunTime:0.000603s ]
ERR: 无法加载模块:Images

[ 2016-06-06T14:30:32+08:00 ] 127.0.0.1 /thinkphp/index.php/images/msn.gif
INFO: [ app_init ] --START--
INFO: Run Behavior\BuildLiteBehavior [ RunTime:0.000013s ]
INFO: [ app_init ] --END-- [ RunTime:0.000271s ]
ERR: 无法加载模块:Images

[ 2016-06-06T15:20:18+08:00 ] 127.0.0.1 /thinkphp/index.php/tree_data1.json
INFO: [ app_init ] --START--
INFO: Run Behavior\BuildLiteBehavior [ RunTime:0.000013s ]
INFO: [ app_init ] --END-- [ RunTime:0.000343s ]
ERR: 无法加载模块:Tree_data1

[ 2016-06-06T15:22:40+08:00 ] 127.0.0.1 /thinkphp/index.php/tree_data1.json
INFO: [ app_init ] --START--
INFO: Run Behavior\BuildLiteBehavior [ RunTime:0.000012s ]
INFO: [ app_init ] --END-- [ RunTime:0.000245s ]
ERR: 无法加载模块:Tree_data1

[ 2016-06-06T15:27:17+08:00 ] 127.0.0.1 /thinkphp/index.php/tree_data1.json
INFO: [ app_init ] --START--
INFO: Run Behavior\BuildLiteBehavior [ RunTime:0.000012s ]
INFO: [ app_init ] --END-- [ RunTime:0.000241s ]
ERR: 无法加载模块:Tree_data1

[ 2016-06-06T15:28:31+08:00 ] 127.0.0.1 /thinkphp/index.php/tree_data1.json
INFO: [ app_init ] --START--
INFO: Run Behavior\BuildLiteBehavior [ RunTime:0.000012s ]
INFO: [ app_init ] --END-- [ RunTime:0.000244s ]
ERR: 无法加载模块:Tree_data1

[ 2016-06-06T15:29:20+08:00 ] 127.0.0.1 /thinkphp/index.php/tree_data1.json
INFO: [ app_init ] --START--
INFO: Run Behavior\BuildLiteBehavior [ RunTime:0.000013s ]
INFO: [ app_init ] --END-- [ RunTime:0.000249s ]
ERR: 无法加载模块:Tree_data1

[ 2016-06-06T15:36:23+08:00 ] 127.0.0.1 /thinkphp/index.php/tree_data1.json
INFO: [ app_init ] --START--
INFO: Run Behavior\BuildLiteBehavior [ RunTime:0.000013s ]
INFO: [ app_init ] --END-- [ RunTime:0.000247s ]
ERR: 无法加载模块:Tree_data1

[ 2016-06-06T15:36:34+08:00 ] 127.0.0.1 /thinkphp/index.php/tree_data1.json
INFO: [ app_init ] --START--
INFO: Run Behavior\BuildLiteBehavior [ RunTime:0.000012s ]
INFO: [ app_init ] --END-- [ RunTime:0.000240s ]
ERR: 无法加载模块:Tree_data1

[ 2016-06-06T15:36:49+08:00 ] 127.0.0.1 /thinkphp/index.php/tree_data1.json
INFO: [ app_init ] --START--
INFO: Run Behavior\BuildLiteBehavior [ RunTime:0.000015s ]
INFO: [ app_init ] --END-- [ RunTime:0.000352s ]
ERR: 无法加载模块:Tree_data1

[ 2016-06-06T15:37:21+08:00 ] 127.0.0.1 /thinkphp/index.php/tree_data1.json
INFO: [ app_init ] --START--
INFO: Run Behavior\BuildLiteBehavior [ RunTime:0.000013s ]
INFO: [ app_init ] --END-- [ RunTime:0.000502s ]
ERR: 无法加载模块:Tree_data1

[ 2016-06-06T15:38:44+08:00 ] 127.0.0.1 /thinkphp/index.php/tree_data1.json
INFO: [ app_init ] --START--
INFO: Run Behavior\BuildLiteBehavior [ RunTime:0.000019s ]
INFO: [ app_init ] --END-- [ RunTime:0.000500s ]
ERR: 无法加载模块:Tree_data1

[ 2016-06-06T15:40:44+08:00 ] 127.0.0.1 /thinkphp/index.php/tree_data1.json
INFO: [ app_init ] --START--
INFO: Run Behavior\BuildLiteBehavior [ RunTime:0.000019s ]
INFO: [ app_init ] --END-- [ RunTime:0.000410s ]
ERR: 无法加载模块:Tree_data1

[ 2016-06-06T15:41:37+08:00 ] 127.0.0.1 /thinkphp/index.php/tree_data1.json
INFO: [ app_init ] --START--
INFO: Run Behavior\BuildLiteBehavior [ RunTime:0.000013s ]
INFO: [ app_init ] --END-- [ RunTime:0.000492s ]
ERR: 无法加载模块:Tree_data1

[ 2016-06-06T15:52:01+08:00 ] 127.0.0.1 /thinkphp/index.php/tree_data1.json
INFO: [ app_init ] --START--
INFO: Run Behavior\BuildLiteBehavior [ RunTime:0.000018s ]
INFO: [ app_init ] --END-- [ RunTime:0.000373s ]
ERR: 无法加载模块:Tree_data1

[ 2016-06-06T15:53:24+08:00 ] 127.0.0.1 /thinkphp/index.php/tree_data1.json
INFO: [ app_init ] --START--
INFO: Run Behavior\BuildLiteBehavior [ RunTime:0.000012s ]
INFO: [ app_init ] --END-- [ RunTime:0.000246s ]
ERR: 无法加载模块:Tree_data1

[ 2016-06-06T15:54:18+08:00 ] 127.0.0.1 /thinkphp/index.php/tree_data1.json
INFO: [ app_init ] --START--
INFO: Run Behavior\BuildLiteBehavior [ RunTime:0.000012s ]
INFO: [ app_init ] --END-- [ RunTime:0.000246s ]
ERR: 无法加载模块:Tree_data1

[ 2016-06-06T15:55:15+08:00 ] 127.0.0.1 /thinkphp/index.php/tree_data1.json
INFO: [ app_init ] --START--
INFO: Run Behavior\BuildLiteBehavior [ RunTime:0.000017s ]
INFO: [ app_init ] --END-- [ RunTime:0.000423s ]
ERR: 无法加载模块:Tree_data1

[ 2016-06-06T16:04:19+08:00 ] 127.0.0.1 /thinkphp/index.php/index.html
INFO: [ app_init ] --START--
INFO: Run Behavior\BuildLiteBehavior [ RunTime:0.000014s ]
INFO: [ app_init ] --END-- [ RunTime:0.000718s ]
ERR: 无法加载模块:Index

[ 2016-06-06T16:06:09+08:00 ] 127.0.0.1 /thinkphp/index.php/index.html
INFO: [ app_init ] --START--
INFO: Run Behavior\BuildLiteBehavior [ RunTime:0.000019s ]
INFO: [ app_init ] --END-- [ RunTime:0.000290s ]
ERR: 无法加载模块:Index

[ 2016-06-06T16:33:39+08:00 ] 127.0.0.1 /thinkphp/index.php/{/thinkphp/index.php/Admin/Users}?_=1465202017512
INFO: [ app_init ] --START--
INFO: Run Behavior\BuildLiteBehavior [ RunTime:0.000010s ]
INFO: [ app_init ] --END-- [ RunTime:0.000232s ]
ERR: 无法加载模块:{

[ 2016-06-06T16:34:19+08:00 ] 127.0.0.1 /thinkphp/index.php/{/thinkphp/index.php/Admin/Users/}?_=1465202057737
INFO: [ app_init ] --START--
INFO: Run Behavior\BuildLiteBehavior [ RunTime:0.000014s ]
INFO: [ app_init ] --END-- [ RunTime:0.000277s ]
ERR: 无法加载模块:{

[ 2016-06-06T16:35:47+08:00 ] 127.0.0.1 /thinkphp/index.php/{/thinkphp/index.php/Admin/Users}?_=1465202145843
INFO: [ app_init ] --START--
INFO: Run Behavior\BuildLiteBehavior [ RunTime:0.000014s ]
INFO: [ app_init ] --END-- [ RunTime:0.000547s ]
ERR: 无法加载模块:{

[ 2016-06-06T16:37:09+08:00 ] 127.0.0.1 /thinkphp/index.php/{/thinkphp/index.php/Admin/Users}?_=1465202227056
INFO: [ app_init ] --START--
INFO: Run Behavior\BuildLiteBehavior [ RunTime:0.000020s ]
INFO: [ app_init ] --END-- [ RunTime:0.000404s ]
ERR: 无法加载模块:{

[ 2016-06-06T16:38:43+08:00 ] 127.0.0.1 /thinkphp/index.php/{/thinkphp/index.php/Admin/Users}?_=1465202322031
INFO: [ app_init ] --START--
INFO: Run Behavior\BuildLiteBehavior [ RunTime:0.000019s ]
INFO: [ app_init ] --END-- [ RunTime:0.000368s ]
ERR: 无法加载模块:{

[ 2016-06-06T16:39:35+08:00 ] 127.0.0.1 /thinkphp/index.php/{./Admin/Users}?_=1465202372403
INFO: [ app_init ] --START--
INFO: Run Behavior\BuildLiteBehavior [ RunTime:0.000011s ]
INFO: [ app_init ] --END-- [ RunTime:0.000284s ]
ERR: 无法加载模块:{

[ 2016-06-06T16:52:04+08:00 ] 127.0.0.1 /thinkphp/index.php/Exam/Admin/Users.html?_=1465203123169
INFO: [ app_init ] --START--
INFO: Run Behavior\BuildLiteBehavior [ RunTime:0.000011s ]
INFO: [ app_init ] --END-- [ RunTime:0.000213s ]
ERR: 无法加载模块:Exam

[ 2016-06-06T16:52:27+08:00 ] 127.0.0.1 /thinkphp/index.php/Exam/Admin/Users.html?_=1465203123169
INFO: [ app_init ] --START--
INFO: Run Behavior\BuildLiteBehavior [ RunTime:0.000013s ]
INFO: [ app_init ] --END-- [ RunTime:0.000486s ]
ERR: 无法加载模块:Exam

[ 2016-06-06T16:52:43+08:00 ] 127.0.0.1 /thinkphp/index.php/Exam/Admin/Users.html?_=1465203123170
INFO: [ app_init ] --START--
INFO: Run Behavior\BuildLiteBehavior [ RunTime:0.000011s ]
INFO: [ app_init ] --END-- [ RunTime:0.000254s ]
ERR: 无法加载模块:Exam

