[ 2016-06-16T16:42:26+08:00 ] 127.0.0.1 /thinkphp/index.php/Room?_=1466066544190
INFO: [ app_init ] --START--
INFO: Run Behavior\BuildLiteBehavior [ RunTime:0.000012s ]
INFO: [ app_init ] --END-- [ RunTime:0.000243s ]
ERR: 无法加载模块:Room

[ 2016-06-16T16:43:19+08:00 ] 127.0.0.1 /thinkphp/index.php/Room?_=1466066597860
INFO: [ app_init ] --START--
INFO: Run Behavior\BuildLiteBehavior [ RunTime:0.000059s ]
INFO: [ app_init ] --END-- [ RunTime:0.000709s ]
ERR: 无法加载模块:Room

[ 2016-06-16T16:43:59+08:00 ] 127.0.0.1 /thinkphp/index.php/Room?_=1466066638383
INFO: [ app_init ] --START--
INFO: Run Behavior\BuildLiteBehavior [ RunTime:0.000013s ]
INFO: [ app_init ] --END-- [ RunTime:0.000279s ]
ERR: 无法加载模块:Room

[ 2016-06-16T16:44:40+08:00 ] 127.0.0.1 /thinkphp/index.php/Room?_=1466066680103
INFO: [ app_init ] --START--
INFO: Run Behavior\BuildLiteBehavior [ RunTime:0.000019s ]
INFO: [ app_init ] --END-- [ RunTime:0.000403s ]
ERR: 无法加载模块:Room

[ 2016-06-16T16:45:18+08:00 ] 127.0.0.1 /thinkphp/index.php/Users?_=1466066680104
INFO: [ app_init ] --START--
INFO: Run Behavior\BuildLiteBehavior [ RunTime:0.000010s ]
INFO: [ app_init ] --END-- [ RunTime:0.000545s ]
ERR: 无法加载模块:Users

[ 2016-06-16T16:45:18+08:00 ] 127.0.0.1 /thinkphp/index.php/Room?_=1466066680105
INFO: [ app_init ] --START--
INFO: Run Behavior\BuildLiteBehavior [ RunTime:0.000012s ]
INFO: [ app_init ] --END-- [ RunTime:0.000479s ]
ERR: 无法加载模块:Room

[ 2016-06-16T16:45:21+08:00 ] 127.0.0.1 /thinkphp/index.php/Users?_=1466066680106
INFO: [ app_init ] --START--
INFO: Run Behavior\BuildLiteBehavior [ RunTime:0.000014s ]
INFO: [ app_init ] --END-- [ RunTime:0.000300s ]
ERR: 无法加载模块:Users

[ 2016-06-16T16:45:27+08:00 ] 127.0.0.1 /thinkphp/index.php/Room?_=1466066680107
INFO: [ app_init ] --START--
INFO: Run Behavior\BuildLiteBehavior [ RunTime:0.000013s ]
INFO: [ app_init ] --END-- [ RunTime:0.000260s ]
ERR: 无法加载模块:Room

[ 2016-06-16T16:45:52+08:00 ] 127.0.0.1 /thinkphp/index.php/Room/tree_data.html
INFO: [ app_init ] --START--
INFO: Run Behavior\BuildLiteBehavior [ RunTime:0.000021s ]
INFO: [ app_init ] --END-- [ RunTime:0.000478s ]
ERR: 无法加载模块:Room

[ 2016-06-16T16:46:02+08:00 ] 127.0.0.1 /thinkphp/index.php/Role
INFO: [ app_init ] --START--
INFO: Run Behavior\BuildLiteBehavior [ RunTime:0.000014s ]
INFO: [ app_init ] --END-- [ RunTime:0.000349s ]
ERR: 无法加载模块:Role

[ 2016-06-16T17:07:38+08:00 ] 127.0.0.1 /thinkphp/index.php/Room/userRange
INFO: [ app_init ] --START--
INFO: Run Behavior\BuildLiteBehavior [ RunTime:0.000027s ]
INFO: [ app_init ] --END-- [ RunTime:0.000377s ]
ERR: 无法加载模块:Room

[ 2016-06-16T17:16:59+08:00 ] 127.0.0.1 /thinkphp/index.php/Role
INFO: [ app_init ] --START--
INFO: Run Behavior\BuildLiteBehavior [ RunTime:0.000020s ]
INFO: [ app_init ] --END-- [ RunTime:0.000426s ]
ERR: 无法加载模块:Role

[ 2016-06-16T17:17:13+08:00 ] 127.0.0.1 /thinkphp/index.php/Role
INFO: [ app_init ] --START--
INFO: Run Behavior\BuildLiteBehavior [ RunTime:0.000012s ]
INFO: [ app_init ] --END-- [ RunTime:0.000272s ]
ERR: 无法加载模块:Role

[ 2016-06-16T17:17:56+08:00 ] 127.0.0.1 /thinkphp/index.php/Role
INFO: [ app_init ] --START--
INFO: Run Behavior\BuildLiteBehavior [ RunTime:0.000022s ]
INFO: [ app_init ] --END-- [ RunTime:0.000496s ]
ERR: 无法加载模块:Role

[ 2016-06-16T17:18:54+08:00 ] 127.0.0.1 /thinkphp/index.php/Role
INFO: [ app_init ] --START--
INFO: Run Behavior\BuildLiteBehavior [ RunTime:0.000013s ]
INFO: [ app_init ] --END-- [ RunTime:0.000349s ]
ERR: 无法加载模块:Role

[ 2016-06-16T17:19:19+08:00 ] 127.0.0.1 /thinkphp/index.php/Role
INFO: [ app_init ] --START--
INFO: Run Behavior\BuildLiteBehavior [ RunTime:0.000016s ]
INFO: [ app_init ] --END-- [ RunTime:0.000362s ]
ERR: 无法加载模块:Role

[ 2016-06-16T17:19:23+08:00 ] 127.0.0.1 /thinkphp/index.php/Role
INFO: [ app_init ] --START--
INFO: Run Behavior\BuildLiteBehavior [ RunTime:0.000012s ]
INFO: [ app_init ] --END-- [ RunTime:0.000242s ]
ERR: 无法加载模块:Role

[ 2016-06-16T17:20:52+08:00 ] 127.0.0.1 /thinkphp/index.php/Role
INFO: [ app_init ] --START--
INFO: Run Behavior\BuildLiteBehavior [ RunTime:0.000014s ]
INFO: [ app_init ] --END-- [ RunTime:0.000280s ]
ERR: 无法加载模块:Role

