[ 2016-06-15T08:38:49+08:00 ] 127.0.0.1 /thinkphp/index.php/Users?_=1465951126724
INFO: [ app_init ] --START--
INFO: Run Behavior\BuildLiteBehavior [ RunTime:0.000013s ]
INFO: [ app_init ] --END-- [ RunTime:0.000305s ]
ERR: 无法加载模块:Users

[ 2016-06-15T08:39:45+08:00 ] 127.0.0.1 /thinkphp/index.php/Users?_=1465951126725
INFO: [ app_init ] --START--
INFO: Run Behavior\BuildLiteBehavior [ RunTime:0.000013s ]
INFO: [ app_init ] --END-- [ RunTime:0.000601s ]
ERR: 无法加载模块:Users

[ 2016-06-15T08:40:20+08:00 ] 127.0.0.1 /thinkphp/index.php/Users?_=1465951126727
INFO: [ app_init ] --START--
INFO: Run Behavior\BuildLiteBehavior [ RunTime:0.000018s ]
INFO: [ app_init ] --END-- [ RunTime:0.000719s ]
ERR: 无法加载模块:Users

[ 2016-06-15T08:40:20+08:00 ] 127.0.0.1 /thinkphp/index.php/categoryAdmin?_=1465951126726
INFO: [ app_init ] --START--
INFO: Run Behavior\BuildLiteBehavior [ RunTime:0.000018s ]
INFO: [ app_init ] --END-- [ RunTime:0.000729s ]
ERR: 无法加载模块:CategoryAdmin

[ 2016-06-15T08:40:53+08:00 ] 127.0.0.1 /thinkphp/index.php/ExamRoom?_=1465951126728
INFO: [ app_init ] --START--
INFO: Run Behavior\BuildLiteBehavior [ RunTime:0.000023s ]
INFO: [ app_init ] --END-- [ RunTime:0.000586s ]
ERR: 无法加载模块:ExamRoom

[ 2016-06-15T08:40:53+08:00 ] 127.0.0.1 /thinkphp/index.php/Users?_=1465951126729
INFO: [ app_init ] --START--
INFO: Run Behavior\BuildLiteBehavior [ RunTime:0.000014s ]
INFO: [ app_init ] --END-- [ RunTime:0.000393s ]
ERR: 无法加载模块:Users

[ 2016-06-15T08:40:56+08:00 ] 127.0.0.1 /thinkphp/index.php/ExamQuestion?_=1465951126730
INFO: [ app_init ] --START--
INFO: Run Behavior\BuildLiteBehavior [ RunTime:0.000014s ]
INFO: [ app_init ] --END-- [ RunTime:0.000332s ]
ERR: 无法加载模块:ExamQuestion

[ 2016-06-15T08:40:56+08:00 ] 127.0.0.1 /thinkphp/index.php/Users?_=1465951126731
INFO: [ app_init ] --START--
INFO: Run Behavior\BuildLiteBehavior [ RunTime:0.000019s ]
INFO: [ app_init ] --END-- [ RunTime:0.000391s ]
ERR: 无法加载模块:Users

[ 2016-06-15T08:41:03+08:00 ] 127.0.0.1 /thinkphp/index.php/ExamQuestion?_=1465951126732
INFO: [ app_init ] --START--
INFO: Run Behavior\BuildLiteBehavior [ RunTime:0.000024s ]
INFO: [ app_init ] --END-- [ RunTime:0.000667s ]
ERR: 无法加载模块:ExamQuestion

[ 2016-06-15T08:41:04+08:00 ] 127.0.0.1 /thinkphp/index.php/Users?_=1465951126733
INFO: [ app_init ] --START--
INFO: Run Behavior\BuildLiteBehavior [ RunTime:0.000009s ]
INFO: [ app_init ] --END-- [ RunTime:0.000210s ]
ERR: 无法加载模块:Users

[ 2016-06-15T08:41:05+08:00 ] 127.0.0.1 /thinkphp/index.php/ExamRoom?_=1465951126734
INFO: [ app_init ] --START--
INFO: Run Behavior\BuildLiteBehavior [ RunTime:0.000012s ]
INFO: [ app_init ] --END-- [ RunTime:0.000267s ]
ERR: 无法加载模块:ExamRoom

[ 2016-06-15T08:41:05+08:00 ] 127.0.0.1 /thinkphp/index.php/Users?_=1465951126735
INFO: [ app_init ] --START--
INFO: Run Behavior\BuildLiteBehavior [ RunTime:0.000011s ]
INFO: [ app_init ] --END-- [ RunTime:0.000218s ]
ERR: 无法加载模块:Users

[ 2016-06-15T08:41:06+08:00 ] 127.0.0.1 /thinkphp/index.php/categoryAdmin?_=1465951126736
INFO: [ app_init ] --START--
INFO: Run Behavior\BuildLiteBehavior [ RunTime:0.000020s ]
INFO: [ app_init ] --END-- [ RunTime:0.000457s ]
ERR: 无法加载模块:CategoryAdmin

[ 2016-06-15T08:41:06+08:00 ] 127.0.0.1 /thinkphp/index.php/Users?_=1465951126737
INFO: [ app_init ] --START--
INFO: Run Behavior\BuildLiteBehavior [ RunTime:0.000012s ]
INFO: [ app_init ] --END-- [ RunTime:0.000262s ]
ERR: 无法加载模块:Users

